2022-11-19 01:51:29,929 [INFO] Activator:177 - 


2022-11-19 01:51:29,929 [INFO] Activator:178 - !SESSION log4j initialized
2022-11-19 01:51:57,128 [ERROR] LogOutputStream:74 - [STDERR_REDIRECT] SLF4J: Failed to load class "org.slf4j.impl.StaticLoggerBinder".
2022-11-19 01:51:57,131 [ERROR] LogOutputStream:74 - [STDERR_REDIRECT] SLF4J: Defaulting to no-operation (NOP) logger implementation
2022-11-19 01:51:57,131 [ERROR] LogOutputStream:74 - [STDERR_REDIRECT] SLF4J: See http://www.slf4j.org/codes.html#StaticLoggerBinder for further details.
2022-11-19 01:59:08,297 [INFO] McuFinderGlobals:44 - Set McuFinder mode to 2 (CubeIDE integrated)
2022-11-19 01:59:10,415 [INFO] ApplicationProperties:181 - Using Application install path: C:\ST\STM32CubeIDE_1.10.1\STM32CubeIDE\plugins\com.st.stm32cube.common.mx_6.6.1.202207061420
2022-11-19 01:59:10,439 [INFO] DbMcusXml:77 - Set database path to: C:\ST\STM32CubeIDE_1.10.1\STM32CubeIDE\plugins\com.st.stm32cube.common.mx_6.6.1.202207061420\\db\/mcu/
2022-11-19 01:59:10,439 [INFO] ApiDb:269 - Set plugin database path to: C:\ST\STM32CubeIDE_1.10.1\STM32CubeIDE\plugins\com.st.stm32cube.common.mx_6.6.1.202207061420\\db\/plugins/boardmanager/
2022-11-19 01:59:10,439 [WARN] ApiDb:254 - Overriding images path with different value:  => C:\ST\STM32CubeIDE_1.10.1\STM32CubeIDE\plugins\com.st.stm32cube.common.mx_6.6.1.202207061420\\db\/plugins/mcufinder/images/
2022-11-19 01:59:10,463 [INFO] ApiDb:249 - Set database path to: C:\Users\gutst\.stmcufinder\plugins\mcufinder//mcu/
2022-11-19 01:59:10,463 [INFO] DbMcusAds:124 - Set database path to: C:\Users\gutst\.stmcufinder\plugins\mcufinder//mcu/
2022-11-19 01:59:10,578 [INFO] CrossReferenceDbSqlite:201 - Set database path to: C:\Users\gutst\.stmcufinder\plugins\mcufinder//mcu/cs/
2022-11-19 01:59:10,746 [INFO] RulesReader:61 - Compatibility file has been processed (282 Rules)
2022-11-19 01:59:10,871 [INFO] DbMcusXml:77 - Set database path to: C:\ST\STM32CubeIDE_1.10.1\STM32CubeIDE\plugins\com.st.stm32cube.common.mx_6.6.1.202207061420\\db\/mcu/
2022-11-19 01:59:10,871 [INFO] ApiDb:269 - Set plugin database path to: C:\ST\STM32CubeIDE_1.10.1\STM32CubeIDE\plugins\com.st.stm32cube.common.mx_6.6.1.202207061420\\db\/plugins/boardmanager/
2022-11-19 01:59:10,871 [INFO] ApiDb:256 - Set plugin images path to: C:\ST\STM32CubeIDE_1.10.1\STM32CubeIDE\plugins\com.st.stm32cube.common.mx_6.6.1.202207061420\\db\/plugins/mcufinder/images/
2022-11-19 01:59:10,871 [WARN] DbFile:40 - Overriding database path with different value: C:\Users\gutst\.stmcufinder\plugins\mcufinder/ => C:\Users\gutst\.stmcufinder\plugins\mcufinder
2022-11-19 01:59:10,871 [INFO] ApiDb:249 - Set database path to: C:\Users\gutst\.stmcufinder\plugins\mcufinder//mcu/
2022-11-19 01:59:10,871 [WARN] DbFile:40 - Overriding database path with different value: C:\Users\gutst\.stmcufinder\plugins\mcufinder/ => C:\Users\gutst\.stmcufinder\plugins\mcufinder
2022-11-19 01:59:10,871 [INFO] DbMcusAds:124 - Set database path to: C:\Users\gutst\.stmcufinder\plugins\mcufinder//mcu/
2022-11-19 01:59:10,871 [WARN] DbFile:40 - Overriding database path with different value: C:\Users\gutst\.stmcufinder\plugins\mcufinder/ => C:\Users\gutst\.stmcufinder\plugins\mcufinder
2022-11-19 01:59:10,871 [WARN] DbFile:40 - Overriding database path with different value: C:\Users\gutst\.stmcufinder\plugins\mcufinder/ => C:\Users\gutst\.stmcufinder\plugins\mcufinder
2022-11-19 01:59:10,871 [INFO] CrossReferenceDbSqlite:201 - Set database path to: C:\Users\gutst\.stmcufinder\plugins\mcufinder//mcu/cs/
2022-11-19 01:59:10,956 [INFO] MainPanel:242 - HeapMemory: 499122176
2022-11-19 01:59:11,080 [INFO] DbMcusXml:77 - Set database path to: C:\ST\STM32CubeIDE_1.10.1\STM32CubeIDE\plugins\com.st.stm32cube.common.mx_6.6.1.202207061420\\db\/mcu/
2022-11-19 01:59:11,080 [INFO] ApiDb:269 - Set plugin database path to: C:\ST\STM32CubeIDE_1.10.1\STM32CubeIDE\plugins\com.st.stm32cube.common.mx_6.6.1.202207061420\\db\/plugins/boardmanager/
2022-11-19 01:59:11,080 [INFO] ApiDb:256 - Set plugin images path to: C:\ST\STM32CubeIDE_1.10.1\STM32CubeIDE\plugins\com.st.stm32cube.common.mx_6.6.1.202207061420\\db\/plugins/mcufinder/images/
2022-11-19 01:59:11,080 [WARN] DbFile:40 - Overriding database path with different value: C:\Users\gutst\.stmcufinder\plugins\mcufinder/ => C:\Users\gutst\.stmcufinder\plugins\mcufinder
2022-11-19 01:59:11,080 [INFO] ApiDb:249 - Set database path to: C:\Users\gutst\.stmcufinder\plugins\mcufinder//mcu/
2022-11-19 01:59:11,080 [WARN] DbFile:40 - Overriding database path with different value: C:\Users\gutst\.stmcufinder\plugins\mcufinder/ => C:\Users\gutst\.stmcufinder\plugins\mcufinder
2022-11-19 01:59:11,080 [INFO] DbMcusAds:124 - Set database path to: C:\Users\gutst\.stmcufinder\plugins\mcufinder//mcu/
2022-11-19 01:59:11,088 [WARN] DbFile:40 - Overriding database path with different value: C:\Users\gutst\.stmcufinder\plugins\mcufinder/ => C:\Users\gutst\.stmcufinder\plugins\mcufinder
2022-11-19 01:59:11,088 [WARN] DbFile:40 - Overriding database path with different value: C:\Users\gutst\.stmcufinder\plugins\mcufinder/ => C:\Users\gutst\.stmcufinder\plugins\mcufinder
2022-11-19 01:59:11,088 [INFO] CrossReferenceDbSqlite:201 - Set database path to: C:\Users\gutst\.stmcufinder\plugins\mcufinder//mcu/cs/
2022-11-19 01:59:11,102 [INFO] ApplicationProperties:181 - Using Application install path: C:\ST\STM32CubeIDE_1.10.1\STM32CubeIDE\plugins\com.st.stm32cube.common.mx_6.6.1.202207061420
2022-11-19 01:59:11,102 [INFO] PluginManage:193 - Search for loadable plugins [exclusion list=, ]
2022-11-19 01:59:11,110 [INFO] PluginManage:307 - Check plugin analytics
2022-11-19 01:59:11,275 [INFO] AnalyticsPlugin:262 - Accepted Software Licenses: 
2022-11-19 01:59:11,283 [INFO] AnalyticsPlugin:264 - Accepted CMSIS Pack Licenses: 
2022-11-19 01:59:11,283 [INFO] AnalyticsPlugin:266 - Accepted Firmware Licenses: 
2022-11-19 01:59:11,291 [INFO] PluginManage:356 - Loaded plugin analytics (category:tool,tabindex:-1)
2022-11-19 01:59:11,291 [INFO] PluginManage:307 - Check plugin cadmodel
2022-11-19 01:59:11,308 [INFO] CADModel:65 - Init CAD model plugin
2022-11-19 01:59:11,308 [INFO] PluginManage:356 - Loaded plugin cadmodel (category:power,tabindex:5)
2022-11-19 01:59:11,308 [INFO] PluginManage:307 - Check plugin clock
2022-11-19 01:59:11,332 [INFO] PluginManage:356 - Loaded plugin clock (category:base,tabindex:2)
2022-11-19 01:59:11,332 [INFO] PluginManage:307 - Check plugin ddr
2022-11-19 01:59:11,332 [INFO] PluginManage:356 - Loaded plugin ddr (category:tool,tabindex:6)
2022-11-19 01:59:11,332 [INFO] PluginManage:307 - Check plugin filemanager
2022-11-19 01:59:11,519 [INFO] PluginManage:356 - Loaded plugin filemanager (category:base,tabindex:10)
2022-11-19 01:59:11,519 [INFO] PluginManage:307 - Check plugin ipmanager
2022-11-19 01:59:11,530 [INFO] PluginManage:356 - Loaded plugin ipmanager (category:base,tabindex:5)
2022-11-19 01:59:11,530 [INFO] PluginManage:307 - Check plugin lpbam
2022-11-19 01:59:11,546 [INFO] PluginManage:356 - Loaded plugin lpbam (category:base,tabindex:0)
2022-11-19 01:59:11,546 [INFO] PluginManage:307 - Check plugin pinoutandconfiguration
2022-11-19 01:59:11,579 [INFO] PluginManage:356 - Loaded plugin pinoutandconfiguration (category:base,tabindex:1)
2022-11-19 01:59:11,579 [INFO] PluginManage:307 - Check plugin pinoutconfig
2022-11-19 01:59:11,645 [INFO] PluginManage:356 - Loaded plugin pinoutconfig (category:base,tabindex:0)
2022-11-19 01:59:11,645 [INFO] PluginManage:307 - Check plugin power
2022-11-19 01:59:11,670 [INFO] PluginManage:356 - Loaded plugin power (category:power,tabindex:4)
2022-11-19 01:59:11,670 [INFO] PluginManage:307 - Check plugin projectmanager
2022-11-19 01:59:11,704 [INFO] PluginManage:356 - Loaded plugin projectmanager (category:projectmanager,tabindex:3)
2022-11-19 01:59:11,704 [INFO] PluginManage:307 - Check plugin thirdparty
2022-11-19 01:59:11,994 [INFO] PluginManage:356 - Loaded plugin thirdparty (category:base,tabindex:-1)
2022-11-19 01:59:11,994 [WARN] IntegrityCheckThread:82 - waiting for thirdparty lock release [integrity check]
2022-11-19 01:59:11,994 [INFO] PluginManage:307 - Check plugin tools
2022-11-19 01:59:11,994 [INFO] IntegrityCheckThread:84 - entering critical section [integrity check]
2022-11-19 01:59:12,003 [INFO] ThirdPartyUpdaterWithRetryManager:70 - Updater plugin not ready yet. [1/15]
2022-11-19 01:59:12,019 [INFO] PluginManage:356 - Loaded plugin tools (category:base,tabindex:7)
2022-11-19 01:59:12,019 [INFO] PluginManage:307 - Check plugin tutovideos
2022-11-19 01:59:12,273 [INFO] PluginManage:356 - Loaded plugin tutovideos (category:base,tabindex:-1)
2022-11-19 01:59:12,273 [INFO] PluginManage:307 - Check plugin updater
2022-11-19 01:59:12,297 [INFO] PluginManage:356 - Loaded plugin updater (category:base,tabindex:12)
2022-11-19 01:59:12,297 [INFO] PluginManage:280 - PluginManage : Loaded plugins [15]
2022-11-19 01:59:12,619 [INFO] PinOutPanel:1468 - setPackage(No Configuration,No Configuration)
2022-11-19 01:59:12,698 [INFO] CADModel:98 - CPN selected for project level
2022-11-19 01:59:12,722 [INFO] IPUIPlugin:79 - create IPUIPlugin
2022-11-19 01:59:12,731 [INFO] PluginManager:217 - loadIPPluginJar : add adc
2022-11-19 01:59:12,764 [INFO] IPUIPlugin:79 - create IPUIPlugin
2022-11-19 01:59:12,764 [INFO] PluginManager:217 - loadIPPluginJar : add aes
2022-11-19 01:59:12,814 [INFO] IPUIPlugin:79 - create IPUIPlugin
2022-11-19 01:59:12,814 [INFO] PluginManager:217 - loadIPPluginJar : add can
2022-11-19 01:59:12,863 [INFO] IPUIPlugin:79 - create IPUIPlugin
2022-11-19 01:59:12,871 [INFO] PluginManager:217 - loadIPPluginJar : add comp
2022-11-19 01:59:12,930 [INFO] IPUIPlugin:79 - create IPUIPlugin
2022-11-19 01:59:12,930 [INFO] PluginManager:217 - loadIPPluginJar : add cryp
2022-11-19 01:59:12,979 [INFO] IPUIPlugin:79 - create IPUIPlugin
2022-11-19 01:59:12,979 [INFO] PluginManager:217 - loadIPPluginJar : add dfsdm
2022-11-19 01:59:13,004 [INFO] IPUIPlugin:79 - create IPUIPlugin
2022-11-19 01:59:13,004 [INFO] PluginManager:217 - loadIPPluginJar : add dma
2022-11-19 01:59:13,061 [INFO] IPUIPlugin:79 - create IPUIPlugin
2022-11-19 01:59:13,061 [INFO] PluginManager:217 - loadIPPluginJar : add dma3
2022-11-19 01:59:13,086 [INFO] IPUIPlugin:79 - create IPUIPlugin
2022-11-19 01:59:13,086 [INFO] PluginManager:217 - loadIPPluginJar : add fatfs
2022-11-19 01:59:13,143 [INFO] IPUIPlugin:79 - create IPUIPlugin
2022-11-19 01:59:13,143 [INFO] PluginManager:217 - loadIPPluginJar : add fmc
2022-11-19 01:59:13,159 [INFO] IPUIPlugin:79 - create IPUIPlugin
2022-11-19 01:59:13,167 [INFO] PluginManager:217 - loadIPPluginJar : add freertos
2022-11-19 01:59:13,183 [INFO] IPUIPlugin:79 - create IPUIPlugin
2022-11-19 01:59:13,183 [INFO] PluginManager:217 - loadIPPluginJar : add genericplugin
2022-11-19 01:59:13,290 [INFO] IPUIPlugin:79 - create IPUIPlugin
2022-11-19 01:59:13,290 [INFO] PluginManager:217 - loadIPPluginJar : add gfxmmu
2022-11-19 01:59:13,388 [INFO] IPUIPlugin:79 - create IPUIPlugin
2022-11-19 01:59:13,388 [INFO] PluginManager:217 - loadIPPluginJar : add gic
2022-11-19 01:59:13,413 [INFO] IPUIPlugin:79 - create IPUIPlugin
2022-11-19 01:59:13,413 [INFO] PluginManager:217 - loadIPPluginJar : add gpio
2022-11-19 01:59:13,479 [INFO] IPUIPlugin:79 - create IPUIPlugin
2022-11-19 01:59:13,479 [INFO] PluginManager:217 - loadIPPluginJar : add gtzc
2022-11-19 01:59:13,529 [INFO] IPUIPlugin:79 - create IPUIPlugin
2022-11-19 01:59:13,529 [INFO] PluginManager:217 - loadIPPluginJar : add hash
2022-11-19 01:59:13,602 [INFO] IPUIPlugin:79 - create IPUIPlugin
2022-11-19 01:59:13,602 [INFO] PluginManager:217 - loadIPPluginJar : add i2c
2022-11-19 01:59:13,668 [INFO] IPUIPlugin:79 - create IPUIPlugin
2022-11-19 01:59:13,668 [INFO] PluginManager:217 - loadIPPluginJar : add i2s
2022-11-19 01:59:13,772 [INFO] IPUIPlugin:79 - create IPUIPlugin
2022-11-19 01:59:13,772 [INFO] PluginManager:217 - loadIPPluginJar : add ipddr
2022-11-19 01:59:13,864 [INFO] IPUIPlugin:79 - create IPUIPlugin
2022-11-19 01:59:13,864 [INFO] PluginManager:217 - loadIPPluginJar : add linkedlist
2022-11-19 01:59:13,896 [INFO] IPUIPlugin:79 - create IPUIPlugin
2022-11-19 01:59:13,896 [INFO] PluginManager:217 - loadIPPluginJar : add lorawan
2022-11-19 01:59:13,929 [INFO] IPUIPlugin:79 - create IPUIPlugin
2022-11-19 01:59:13,929 [INFO] PluginManager:217 - loadIPPluginJar : add ltdc
2022-11-19 01:59:13,945 [INFO] IPUIPlugin:79 - create IPUIPlugin
2022-11-19 01:59:13,945 [INFO] PluginManager:217 - loadIPPluginJar : add mdma
2022-11-19 01:59:13,953 [INFO] IPUIPlugin:79 - create IPUIPlugin
2022-11-19 01:59:13,953 [INFO] PluginManager:217 - loadIPPluginJar : add nvic
2022-11-19 01:59:13,978 [INFO] IPUIPlugin:79 - create IPUIPlugin
2022-11-19 01:59:13,978 [INFO] PluginManager:217 - loadIPPluginJar : add opamp
2022-11-19 01:59:14,044 [INFO] IPUIPlugin:79 - create IPUIPlugin
2022-11-19 01:59:14,052 [INFO] PluginManager:217 - loadIPPluginJar : add openamp
2022-11-19 01:59:14,100 [INFO] IPUIPlugin:79 - create IPUIPlugin
2022-11-19 01:59:14,100 [INFO] PluginManager:217 - loadIPPluginJar : add pdm2pcm
2022-11-19 01:59:14,116 [INFO] IPUIPlugin:79 - create IPUIPlugin
2022-11-19 01:59:14,125 [INFO] PluginManager:217 - loadIPPluginJar : add plateformsettings
2022-11-19 01:59:14,141 [INFO] IPUIPlugin:79 - create IPUIPlugin
2022-11-19 01:59:14,141 [INFO] PluginManager:217 - loadIPPluginJar : add quadspi
2022-11-19 01:59:14,157 [INFO] IPUIPlugin:79 - create IPUIPlugin
2022-11-19 01:59:14,157 [INFO] PluginManager:217 - loadIPPluginJar : add resmgrutility
2022-11-19 01:59:14,198 [INFO] IPUIPlugin:79 - create IPUIPlugin
2022-11-19 01:59:14,198 [INFO] PluginManager:217 - loadIPPluginJar : add sai
2022-11-19 01:59:14,231 [INFO] IPUIPlugin:79 - create IPUIPlugin
2022-11-19 01:59:14,231 [INFO] PluginManager:217 - loadIPPluginJar : add spi
2022-11-19 01:59:14,272 [INFO] IPUIPlugin:79 - create IPUIPlugin
2022-11-19 01:59:14,272 [INFO] PluginManager:217 - loadIPPluginJar : add stm32_wpan
2022-11-19 01:59:14,289 [INFO] IPUIPlugin:79 - create IPUIPlugin
2022-11-19 01:59:14,289 [INFO] PluginManager:217 - loadIPPluginJar : add tim
2022-11-19 01:59:14,324 [INFO] IPUIPlugin:79 - create IPUIPlugin
2022-11-19 01:59:14,324 [INFO] PluginManager:217 - loadIPPluginJar : add touchsensing
2022-11-19 01:59:14,340 [INFO] IPUIPlugin:79 - create IPUIPlugin
2022-11-19 01:59:14,340 [INFO] PluginManager:217 - loadIPPluginJar : add tracer_emb
2022-11-19 01:59:14,357 [INFO] IPUIPlugin:79 - create IPUIPlugin
2022-11-19 01:59:14,357 [INFO] PluginManager:217 - loadIPPluginJar : add ts
2022-11-19 01:59:14,391 [INFO] IPUIPlugin:79 - create IPUIPlugin
2022-11-19 01:59:14,391 [INFO] PluginManager:217 - loadIPPluginJar : add tsc
2022-11-19 01:59:14,415 [INFO] IPUIPlugin:79 - create IPUIPlugin
2022-11-19 01:59:14,415 [INFO] PluginManager:217 - loadIPPluginJar : add ucpd
2022-11-19 01:59:14,472 [INFO] IPUIPlugin:79 - create IPUIPlugin
2022-11-19 01:59:14,472 [INFO] PluginManager:217 - loadIPPluginJar : add usart
2022-11-19 01:59:14,522 [INFO] IPUIPlugin:79 - create IPUIPlugin
2022-11-19 01:59:14,522 [INFO] PluginManager:217 - loadIPPluginJar : add usbx
2022-11-19 01:59:14,999 [FATAL] Updater:301 - Updater called before beeing initialized
2022-11-19 01:59:15,019 [INFO] ThirdPartyUpdaterWithRetryManager:70 - Updater plugin not ready yet. [2/15]
2022-11-19 01:59:15,225 [FATAL] Updater:301 - Updater called before beeing initialized
2022-11-19 01:59:15,241 [INFO] DbMcusAds:52 - JSON generation date=Thu Sep 30 02:56:37 EDT 2021 (1632984997303)
2022-11-19 01:59:15,241 [FATAL] Updater:301 - Updater called before beeing initialized
2022-11-19 01:59:15,390 [WARN] DetailPanel:344 - Failed to get advertising image, set to default
2022-11-19 01:59:15,538 [FATAL] Updater:301 - Updater called before beeing initialized
2022-11-19 01:59:15,538 [FATAL] Updater:301 - Updater called before beeing initialized
2022-11-19 01:59:15,538 [FATAL] Updater:301 - Updater called before beeing initialized
2022-11-19 01:59:15,538 [WARN] DetailPanel:344 - Failed to get advertising image, set to default
2022-11-19 01:59:15,549 [FATAL] Updater:301 - Updater called before beeing initialized
2022-11-19 01:59:15,633 [ERROR] Updater:1105 - MainUpdater not yet initialized. External WinMGr cannot be set.
2022-11-19 01:59:15,657 [INFO] Updater:1041 - Updater Version found : 6.6.1
2022-11-19 01:59:15,690 [INFO] ApplicationProperties:181 - Using Application install path: C:\ST\STM32CubeIDE_1.10.1\STM32CubeIDE\plugins\com.st.stm32cube.common.mx_6.6.1.202207061420
2022-11-19 01:59:16,190 [INFO] MainUpdater:2768 - connection check result : 10
2022-11-19 01:59:16,190 [INFO] MainUpdater:3453 - Updater definition file requires update
2022-11-19 01:59:16,195 [INFO] MainUpdater:280 - Updater Check For Update Now.
2022-11-19 01:59:16,195 [INFO] MicroXplorer:481 - Change Database Version : DB.6.0.60
2022-11-19 01:59:17,049 [INFO] ServerAccessManage:474 - Download File updaters.zip
2022-11-19 01:59:17,116 [INFO] FileExtend:239 - Unzip File : updaters.zip
2022-11-19 01:59:17,116 [INFO] FileExtend:254 - Standard Zip Deflate
2022-11-19 01:59:17,903 [INFO] ServerAccessManage:474 - Download File PacksControlFlags.xml
2022-11-19 01:59:18,025 [WARN] MainUpdater:1184 - Updater busy. Cannot search thirdparties
2022-11-19 01:59:18,025 [INFO] ThirdPartyUpdaterWithRetryManager:96 - Updater plugin is busy. [1/15]
2022-11-19 01:59:18,444 [INFO] ServerAccessManage:474 - Download File cubemx.pidx
2022-11-19 01:59:19,469 [INFO] ServerAccessManage:474 - Download File STMicroelectronics.X-CUBE-NFC4.pdsc
2022-11-19 01:59:21,036 [WARN] MainUpdater:1184 - Updater busy. Cannot search thirdparties
2022-11-19 01:59:21,036 [INFO] ThirdPartyUpdaterWithRetryManager:96 - Updater plugin is busy. [2/15]
2022-11-19 01:59:23,322 [WARN] PackLoader:242 - Cannot read IP mode file for STMicroelectronics.X-CUBE-NFC4.2.0.5
2022-11-19 01:59:23,330 [INFO] PopulateThirdPartyThread:64 - Ending populate Thread
2022-11-19 01:59:23,330 [INFO] ThirdParty:981 - CMSIS Pack Vendor :STMicroelectronics X-CUBE-NFC4 2.0.5
2022-11-19 01:59:23,330 [INFO] LoadServerUpdatesThread:367 - End of LoadServerUpdate Thread
2022-11-19 01:59:23,472 [INFO] CheckServerUpdateThread:119 - End of CheckServer Thread
2022-11-19 01:59:23,563 [INFO] MainUpdater:2768 - connection check result : 10
2022-11-19 01:59:23,571 [INFO] MainUpdater:2768 - connection check result : 10
2022-11-19 01:59:23,791 [INFO] MicroXplorer:451 - Change Database Path : 
2022-11-19 01:59:23,791 [INFO] MicroXplorer:481 - Change Database Version : DB.6.0.60
2022-11-19 01:59:23,791 [WARN] ThirdParty:827 - waiting for thirdparty lock release [close project]
2022-11-19 01:59:24,201 [WARN] PackLoader:242 - Cannot read IP mode file for STMicroelectronics.X-CUBE-GNSS1.6.0.0
2022-11-19 01:59:24,256 [WARN] PackLoader:242 - Cannot read IP mode file for STMicroelectronics.X-CUBE-AZRTOS-F4.1.1.0
2022-11-19 01:59:24,292 [WARN] PackLoader:242 - Cannot read IP mode file for STMicroelectronics.X-CUBE-BLEMGR.1.2.0
2022-11-19 01:59:24,333 [WARN] PackLoader:242 - Cannot read IP mode file for STMicroelectronics.X-CUBE-AZRTOS-F7.1.1.0
2022-11-19 01:59:24,349 [WARN] PackLoader:242 - Cannot read IP mode file for STMicroelectronics.X-CUBE-BLE1.6.2.3
2022-11-19 01:59:24,358 [WARN] PackLoader:242 - Cannot read IP mode file for STMicroelectronics.X-CUBE-NFC4.2.0.5
2022-11-19 01:59:24,382 [WARN] PackLoader:242 - Cannot read IP mode file for STMicroelectronics.X-CUBE-NFC4.2.0.4
2022-11-19 01:59:24,410 [WARN] PackLoader:242 - Cannot read IP mode file for STMicroelectronics.X-CUBE-TOF1.3.1.0
2022-11-19 01:59:24,434 [WARN] PackLoader:242 - Cannot read IP mode file for STMicroelectronics.X-CUBE-NFC7.1.0.0
2022-11-19 01:59:24,498 [WARN] PackLoader:242 - Cannot read IP mode file for STMicroelectronics.X-CUBE-MEMS1.9.3.0
2022-11-19 01:59:24,676 [WARN] PackLoader:242 - Cannot read IP mode file for STMicroelectronics.X-CUBE-AI.7.2.0
2022-11-19 01:59:24,693 [WARN] PackLoader:242 - Cannot read IP mode file for STMicroelectronics.X-CUBE-SFXS2LP1.4.0.0
2022-11-19 01:59:24,709 [WARN] PackLoader:242 - Cannot read IP mode file for STMicroelectronics.X-CUBE-BLE2.3.3.0
2022-11-19 01:59:24,735 [WARN] PackLoader:242 - Cannot read IP mode file for STMicroelectronics.X-CUBE-DISPLAY.2.2.0
2022-11-19 01:59:24,757 [WARN] PackLoader:242 - Cannot read IP mode file for STMicroelectronics.X-CUBE-TOF1.3.2.0
2022-11-19 01:59:24,781 [WARN] PackLoader:242 - Cannot read IP mode file for STMicroelectronics.X-CUBE-ISPU.1.0.0
2022-11-19 01:59:24,797 [WARN] PackLoader:242 - Cannot read IP mode file for STMicroelectronics.X-CUBE-ISPU.1.1.0
2022-11-19 01:59:24,814 [WARN] PackLoader:242 - Cannot read IP mode file for RoweBots.I-CUBE-UNISONRTOS.5.5.0-4
2022-11-19 01:59:24,855 [WARN] PackLoader:242 - Cannot read IP mode file for STMicroelectronics.X-CUBE-AZRTOS-H7.2.1.0
2022-11-19 01:59:24,884 [WARN] PackLoader:242 - Cannot read IP mode file for wolfSSL.I-CUBE-wolfSSL.5.4.0
2022-11-19 01:59:24,901 [WARN] PackLoader:242 - Cannot read IP mode file for STMicroelectronics.X-CUBE-BLEMGR.1.0.0
2022-11-19 01:59:24,921 [WARN] PackLoader:242 - Cannot read IP mode file for STMicroelectronics.X-CUBE-AI.7.3.0
2022-11-19 01:59:24,940 [WARN] PackLoader:242 - Cannot read IP mode file for STMicroelectronics.X-CUBE-ALGOBUILD.1.3.0
2022-11-19 01:59:24,983 [WARN] PackLoader:242 - Cannot read IP mode file for STMicroelectronics.X-CUBE-AZRTOS-G0.1.1.0
2022-11-19 01:59:25,011 [WARN] PackLoader:242 - Cannot read IP mode file for STMicroelectronics.X-CUBE-SUBG2.5.0.0
2022-11-19 01:59:25,089 [WARN] PackLoader:242 - Cannot read IP mode file for SEGGER.I-CUBE-embOS.1.2.0
2022-11-19 01:59:25,138 [WARN] PackLoader:242 - Cannot read IP mode file for STMicroelectronics.FP-ATR-ASTRA1.1.1.1
2022-11-19 01:59:25,155 [WARN] PackLoader:242 - Cannot read IP mode file for STMicroelectronics.FP-ATR-ASTRA1.1.1.0
2022-11-19 01:59:25,204 [WARN] PackLoader:242 - Cannot read IP mode file for STMicroelectronics.X-CUBE-AZRTOS-G4.1.0.0
2022-11-19 01:59:25,212 [WARN] PackLoader:242 - Cannot read IP mode file for STMicroelectronics.FP-ATR-SIGFOX1.3.2.0
2022-11-19 01:59:25,253 [WARN] PackLoader:242 - Cannot read IP mode file for STMicroelectronics.X-CUBE-AZRTOS-L4.1.0.0
2022-11-19 01:59:25,282 [WARN] PackLoader:242 - Cannot read IP mode file for emotas.I-CUBE-CANOPEN.1.1.2
2022-11-19 01:59:25,301 [WARN] PackLoader:242 - Cannot read IP mode file for STMicroelectronics.X-CUBE-TOUCHGFX.4.20.0
2022-11-19 01:59:25,328 [WARN] PackLoader:242 - Cannot read IP mode file for STMicroelectronics.X-CUBE-AZRTOS-WL.1.0.0
2022-11-19 01:59:25,350 [WARN] PackLoader:242 - Cannot read IP mode file for portGmbH.I-Cube-SoM-uGOAL.1.1.0
2022-11-19 01:59:25,369 [WARN] PackLoader:242 - Cannot read IP mode file for STMicroelectronics.X-CUBE-ALS.1.0.1
2022-11-19 01:59:25,401 [WARN] PackLoader:242 - Cannot read IP mode file for STMicroelectronics.X-CUBE-AZRTOS-L5.1.0.0
2022-11-19 01:59:25,425 [WARN] PackLoader:242 - Cannot read IP mode file for STMicroelectronics.X-CUBE-EEPRMA1.3.1.1
2022-11-19 01:59:25,425 [INFO] ThirdParty:929 - Integrity check success = true
2022-11-19 01:59:25,425 [INFO] IntegrityCheckThread:98 - exiting critical section [integrity check]
2022-11-19 01:59:25,425 [INFO] IntegrityCheckThread:101 - End integrity checks thread
2022-11-19 01:59:25,425 [INFO] ThirdParty:829 - entering critical section [close project]
2022-11-19 01:59:25,425 [INFO] ThirdParty:839 - exiting critical section [close project]
2022-11-19 01:59:25,438 [INFO] PinOutPanel:1468 - setPackage(No Configuration,No Configuration)
2022-11-19 01:59:25,438 [INFO] UtilMem:74 - Begin LoadConfig() Used Memory: 492482008 Bytes (800063488)
2022-11-19 01:59:25,447 [INFO] MicroXplorer:451 - Change Database Path : 
2022-11-19 01:59:25,447 [INFO] MicroXplorer:481 - Change Database Version : DB.6.0.60
2022-11-19 01:59:25,447 [INFO] OpenFileManager:307 - Change cursor
2022-11-19 01:59:25,495 [INFO] Mcu:1922 - Initializing MCU STM32G031F(4-6-8)Px STM32G031F8Px STM32G031F8P6
2022-11-19 01:59:27,383 [INFO] Context:654 - Trying to add GPIOservice into a context  which must be forbidden
2022-11-19 01:59:27,983 [WARN] ApiManager:308 - Cannot register API 'Board Extension:GNSS1A1' from pack STMicroelectronics.X-CUBE-GNSS1.6.0.0: no header file found
2022-11-19 01:59:27,983 [WARN] ApiManager:308 - Cannot register API 'Board Support:Custom' from pack STMicroelectronics.X-CUBE-GNSS1.6.0.0: no header file found
2022-11-19 01:59:27,983 [WARN] ApiManager:308 - Cannot register API 'Data Exchange:lib_gnss' from pack STMicroelectronics.X-CUBE-GNSS1.6.0.0: no header file found
2022-11-19 01:59:28,001 [WARN] ApiManager:308 - Cannot register API 'Wireless:BlueNRG-MS' from pack STMicroelectronics.X-CUBE-BLE1.6.2.3: no header file found
2022-11-19 01:59:28,009 [INFO] RtosManager:488 - Registered RTOS mode: class=CMSIS, group=RTOS, mode=CMSIS_V1, owner=FREERTOS
2022-11-19 01:59:28,009 [INFO] RtosManager:488 - Registered RTOS mode: class=CMSIS, group=RTOS2, mode=CMSIS_V2, owner=FREERTOS
2022-11-19 01:59:28,009 [INFO] RtosManager:488 - Registered RTOS mode: class=RTOS, group=Core, mode=CMSIS_V1, owner=FREERTOS
2022-11-19 01:59:28,009 [INFO] RtosManager:488 - Registered RTOS mode: class=RTOS, group=Core, mode=CMSIS_V2, owner=FREERTOS
2022-11-19 01:59:28,009 [WARN] ModelIntegratedComponent:185 - Missing modes for component STMicroelectronics:FreeRTOS:0.0.1:STMicroelectronics:RTOS:FreeRTOS:Core:::10.2.0:
2022-11-19 01:59:28,022 [WARN] ApiManager:308 - Cannot register API 'Board Extension:S2868A1' from pack STMicroelectronics.X-CUBE-SUBG2.5.0.0: no header file found
2022-11-19 01:59:28,022 [WARN] ApiManager:308 - Cannot register API 'Board Extension:S2868A2' from pack STMicroelectronics.X-CUBE-SUBG2.5.0.0: no header file found
2022-11-19 01:59:28,022 [WARN] ApiManager:308 - Cannot register API 'Board Extension:S2915A1' from pack STMicroelectronics.X-CUBE-SUBG2.5.0.0: no header file found
2022-11-19 01:59:28,027 [WARN] ApiManager:308 - Cannot register API 'Board Extension:NFC04A1' from pack STMicroelectronics.X-CUBE-NFC4.2.0.5: no header file found
2022-11-19 01:59:28,027 [WARN] ApiManager:308 - Cannot register API 'Board Extension:NFC04A1' from pack STMicroelectronics.X-CUBE-NFC4.2.0.4: no header file found
2022-11-19 01:59:28,043 [WARN] ModelIntegratedComponent:64 - No mode defined for component null
2022-11-19 01:59:28,043 [WARN] ModelIntegratedComponent:64 - No mode defined for component null
2022-11-19 01:59:28,043 [WARN] ModelIntegratedComponent:64 - No mode defined for component null
2022-11-19 01:59:28,043 [WARN] ModelIntegratedComponent:64 - No mode defined for component null
2022-11-19 01:59:28,043 [WARN] ModelIntegratedComponent:64 - No mode defined for component null
2022-11-19 01:59:28,043 [WARN] ModelIntegratedComponent:64 - No mode defined for component null
2022-11-19 01:59:28,043 [WARN] ModelIntegratedComponent:64 - No mode defined for component null
2022-11-19 01:59:28,043 [WARN] ModelIntegratedComponent:64 - No mode defined for component null
2022-11-19 01:59:28,043 [WARN] ModelIntegratedComponent:64 - No mode defined for component null
2022-11-19 01:59:28,043 [WARN] ModelIntegratedComponent:64 - No mode defined for component null
2022-11-19 01:59:28,043 [WARN] ModelIntegratedComponent:64 - No mode defined for component null
2022-11-19 01:59:28,043 [WARN] ModelIntegratedComponent:64 - No mode defined for component null
2022-11-19 01:59:28,043 [WARN] ModelIntegratedComponent:64 - No mode defined for component null
2022-11-19 01:59:28,043 [WARN] ModelIntegratedComponent:64 - No mode defined for component null
2022-11-19 01:59:28,051 [WARN] ModelIntegratedComponent:64 - No mode defined for component null
2022-11-19 01:59:28,051 [WARN] ModelIntegratedComponent:64 - No mode defined for component null
2022-11-19 01:59:28,051 [WARN] ModelIntegratedComponent:64 - No mode defined for component null
2022-11-19 01:59:28,051 [WARN] ModelIntegratedComponent:64 - No mode defined for component null
2022-11-19 01:59:28,051 [WARN] ModelIntegratedComponent:64 - No mode defined for component null
2022-11-19 01:59:28,051 [WARN] ModelIntegratedComponent:64 - No mode defined for component null
2022-11-19 01:59:28,051 [WARN] ModelIntegratedComponent:64 - No mode defined for component null
2022-11-19 01:59:28,051 [WARN] ModelIntegratedComponent:64 - No mode defined for component null
2022-11-19 01:59:28,051 [WARN] ModelIntegratedComponent:64 - No mode defined for component null
2022-11-19 01:59:28,051 [WARN] ModelIntegratedComponent:64 - No mode defined for component null
2022-11-19 01:59:28,051 [WARN] ModelIntegratedComponent:64 - No mode defined for component null
2022-11-19 01:59:28,051 [WARN] ModelIntegratedComponent:64 - No mode defined for component null
2022-11-19 01:59:28,051 [WARN] ModelIntegratedComponent:64 - No mode defined for component null
2022-11-19 01:59:28,051 [WARN] ModelIntegratedComponent:64 - No mode defined for component null
2022-11-19 01:59:28,051 [WARN] ModelIntegratedComponent:64 - No mode defined for component null
2022-11-19 01:59:28,051 [WARN] ModelIntegratedComponent:64 - No mode defined for component null
2022-11-19 01:59:28,051 [WARN] ModelIntegratedComponent:64 - No mode defined for component null
2022-11-19 01:59:28,051 [WARN] ModelIntegratedComponent:64 - No mode defined for component null
2022-11-19 01:59:28,051 [WARN] ModelIntegratedComponent:64 - No mode defined for component null
2022-11-19 01:59:28,059 [WARN] ApiManager:308 - Cannot register API 'Board Extension:NFC07A1' from pack STMicroelectronics.X-CUBE-NFC7.1.0.0: no header file found
2022-11-19 01:59:28,215 [WARN] ApiManager:308 - Cannot register API 'Board Extension:IKS01A3' from pack STMicroelectronics.X-CUBE-MEMS1.9.3.0: no header file found
2022-11-19 01:59:28,215 [WARN] ApiManager:308 - Cannot register API 'Board Extension:IKS01A2' from pack STMicroelectronics.X-CUBE-MEMS1.9.3.0: no header file found
2022-11-19 01:59:28,215 [WARN] ApiManager:308 - Cannot register API 'Board Extension:IKS02A1' from pack STMicroelectronics.X-CUBE-MEMS1.9.3.0: no header file found
2022-11-19 01:59:28,229 [WARN] ApiManager:308 - Cannot register API 'Board Extension:EEPRMA1' from pack STMicroelectronics.X-CUBE-EEPRMA1.3.1.1: no header file found
2022-11-19 01:59:28,229 [WARN] ApiManager:308 - Cannot register API 'Board Extension:EEPRMA2' from pack STMicroelectronics.X-CUBE-EEPRMA1.3.1.1: no header file found
2022-11-19 01:59:28,229 [WARN] ApiManager:308 - Cannot register API 'Board Extension:S2868A1' from pack STMicroelectronics.X-CUBE-SFXS2LP1.4.0.0: no header file found
2022-11-19 01:59:28,229 [WARN] ApiManager:308 - Cannot register API 'Board Extension:S2868A2' from pack STMicroelectronics.X-CUBE-SFXS2LP1.4.0.0: no header file found
2022-11-19 01:59:28,229 [WARN] ApiManager:308 - Cannot register API 'Board Extension:S2915A1' from pack STMicroelectronics.X-CUBE-SFXS2LP1.4.0.0: no header file found
2022-11-19 01:59:28,229 [WARN] ApiManager:308 - Cannot register API 'Wireless:BlueNRG-2' from pack STMicroelectronics.X-CUBE-BLE2.3.3.0: no header file found
2022-11-19 01:59:28,246 [INFO] ThirdPartyModel:289 - Start build external matchings
2022-11-19 01:59:28,430 [INFO] ThirdPartyModel:302 - End build external matchings
2022-11-19 01:59:28,488 [INFO] ImportTextPane:193 - (OptionalMessage_ERROR) IP (DMA) : Parameter (Instance) has Id (ADC1) currently not set
2022-11-19 01:59:28,488 [INFO] ImportTextPane:193 - (OptionalMessage_ERROR) IP (DMA) : Parameter (Request) has Id (ADC1) currently not set
2022-11-19 01:59:28,488 [INFO] ImportTextPane:193 - (OptionalMessage_ERROR) IP (DMA) : Parameter (Direction) has Id (ADC1) currently not set
2022-11-19 01:59:28,488 [INFO] ImportTextPane:193 - (OptionalMessage_ERROR) IP (DMA) : Parameter (PeriphInc) has Id (ADC1) currently not set
2022-11-19 01:59:28,488 [INFO] ImportTextPane:193 - (OptionalMessage_ERROR) IP (DMA) : Parameter (MemInc) has Id (ADC1) currently not set
2022-11-19 01:59:28,488 [INFO] ImportTextPane:193 - (OptionalMessage_ERROR) IP (DMA) : Parameter (PeriphDataAlignment) has Id (ADC1) currently not set
2022-11-19 01:59:28,488 [INFO] ImportTextPane:193 - (OptionalMessage_ERROR) IP (DMA) : Parameter (MemDataAlignment) has Id (ADC1) currently not set
2022-11-19 01:59:28,488 [INFO] ImportTextPane:193 - (OptionalMessage_ERROR) IP (DMA) : Parameter (Mode) has Id (ADC1) currently not set
2022-11-19 01:59:28,488 [INFO] ImportTextPane:193 - (OptionalMessage_ERROR) IP (DMA) : Parameter (Priority) has Id (ADC1) currently not set
2022-11-19 01:59:28,488 [INFO] ImportTextPane:193 - (OptionalMessage_ERROR) IP (DMA) : Parameter (SignalID) has Id (ADC1) currently not set
2022-11-19 01:59:28,488 [INFO] ImportTextPane:193 - (OptionalMessage_ERROR) IP (DMA) : Parameter (Polarity) has Id (ADC1) currently not set
2022-11-19 01:59:28,488 [INFO] ImportTextPane:193 - (OptionalMessage_ERROR) IP (DMA) : Parameter (RequestNumber) has Id (ADC1) currently not set
2022-11-19 01:59:28,488 [INFO] ImportTextPane:193 - (OptionalMessage_ERROR) IP (DMA) : Parameter (SyncSignalID) has Id (ADC1) currently not set
2022-11-19 01:59:28,488 [INFO] ImportTextPane:193 - (OptionalMessage_ERROR) IP (DMA) : Parameter (SyncPolarity) has Id (ADC1) currently not set
2022-11-19 01:59:28,488 [INFO] ImportTextPane:193 - (OptionalMessage_ERROR) IP (DMA) : Parameter (SyncEnable) has Id (ADC1) currently not set
2022-11-19 01:59:28,488 [INFO] ImportTextPane:193 - (OptionalMessage_ERROR) IP (DMA) : Parameter (EventEnable) has Id (ADC1) currently not set
2022-11-19 01:59:28,488 [INFO] ImportTextPane:193 - (OptionalMessage_ERROR) IP (DMA) : Parameter (SyncRequestNumber) has Id (ADC1) currently not set
2022-11-19 01:59:28,952 [INFO] UtilMem:74 - End LoadConfig() Used Memory: 517369616 Bytes (800063488)
2022-11-19 01:59:29,105 [INFO] ApiDb:576 - Connected to CubeFinder SQLite database (C:\Users\gutst\.stmcufinder\plugins\mcufinder\mcu\cube-finder-db.db)
2022-11-19 01:59:29,138 [INFO] ApiDb:663 - CubeFinder database Data Model version=2.1
2022-11-19 01:59:29,138 [INFO] ApiDb:664 - CubeFinder database Configuration version=3.0.32
2022-11-19 01:59:29,138 [INFO] ApiDb:665 - CubeFinder database generation date=2022-08-05 (1659688109)
2022-11-19 01:59:29,138 [INFO] ApiDb:666 - CubeFinder database FW Pack versions=[STM32Cube_FW_C0_V1.0.0, STM32Cube_FW_F4_V1.27.1, STM32Cube_FW_F7_V1.17.0, STM32Cube_FW_G0_V1.6.1, STM32Cube_FW_G4_V1.5.0, STM32Cube_FW_H7_V1.10.0, STM32Cube_FW_L5_V1.4.0, STM32Cube_FW_U5_V1.1.1, STM32Cube_FW_WB_V1.14.1, STM32Cube_FW_WL_V1.2.0, X-CUBE-ALGOBUILD_V1.3.0, X-CUBE-ALS_V1.0.1, X-CUBE-AZRTOS-F4_V1.1.0, X-CUBE-AZRTOS-F7_V1.1.0, X-CUBE-AZRTOS-G0_V1.1.0, X-CUBE-AZRTOS-G4_V1.0.0, X-CUBE-AZRTOS-H7_V2.1.0, X-CUBE-AZRTOS-L4_V1.0.0, X-CUBE-AZRTOS-L5_V1.0.0, X-CUBE-AZRTOS-WL_V1.0.0, X-CUBE-BLE1_V6.2.3, X-CUBE-BLE2_V3.3.0, X-CUBE-EEPRMA1_V3.1.1, X-CUBE-GNSS1_V6.0.0, X-CUBE-MEMS1_V9.1.0, X-CUBE-MEMS1_V9.3.0, X-CUBE-NFC4_V2.0.4, X-CUBE-NFC7_V1.0.0, X-CUBE-SFXS2LP1_V4.0.0, X-CUBE-SUBG2_V5.0.0]
2022-11-19 01:59:31,446 [INFO] ApiDb:239 - Found 138 in-development CPN: [B-WB1M-WPAN1, NUCLEO-C031C6, STEVAL-STWINBX1, STM320518-EVAL, STM32C0116-DK, STM32C011D6Y3TR, STM32C011D6Y6TR, STM32C011F4P3, STM32C011F4P6, STM32C011F4U3, STM32C011F4U6TR, STM32C011F6P3, STM32C011F6P6, STM32C011F6U3, STM32C011F6U6TR, STM32C011J4M3, STM32C011J4M6, STM32C011J6M3, STM32C011J6M6, STM32C0316-DK, STM32C031C4T3, STM32C031C4T6, STM32C031C4U3, STM32C031C4U6, STM32C031C6T3, STM32C031C6T6, STM32C031C6U3, STM32C031C6U6, STM32C031F4P3, STM32C031F4P6, STM32C031F6P3, STM32C031F6P6, STM32C031G4U3, STM32C031G4U6, STM32C031G6U3, STM32C031G6U6, STM32C031K4T3, STM32C031K4T6, STM32C031K4U3, STM32C031K4U6, STM32C031K6T3, STM32C031K6T6, STM32C031K6U3, STM32C031K6U6, STM32G071K8TXN, STM32G071K8UXN, STM32G081GBU6N, STM32G081KBT6N, STM32G081KBUXN, STM32G0B1CCT6N, STM32G0B1KCT6, STM32G0B1NEY6TR, STM32G0B1RCT6N, STM32G0C1CCT6, STM32G0C1CCT6N, STM32G0C1CCU6N, STM32G0C1CET6N, STM32G0C1CEU6N, STM32G0C1KCT6, STM32G0C1NEY6TR, STM32G0C1RCI6N, STM32G0C1RCT6N, STM32G0C1REI6N, STM32G0C1RET6N, STM32G0C1VCI6, STM32G0C1VEI6, STM32G471CCT6, STM32G471CCU6, STM32G471CET3, STM32G471CET6, STM32G471CEU3, STM32G471CEU6, STM32G471MCT6, STM32G471MET3, STM32G471MET6, STM32G471MEY6TR, STM32G471QCT6, STM32G471QET3, STM32G471RCT6, STM32G471RET3, STM32G471RET6, STM32G471VCH6, STM32G471VCI6, STM32G471VCT6, STM32G471VEH3, STM32G471VEH6, STM32G471VEI3, STM32G471VEI6, STM32G471VET3, STM32G471VET6, STM32G474CCT6, STM32L476VGY6PTR, STM32L4R5QGI6STR, STM32MP131AAE3, STM32MP131AAF3, STM32MP131AAG3, STM32MP131CAE3, STM32MP131CAF3, STM32MP131CAG3, STM32MP131DAE7, STM32MP131DAF7, STM32MP131DAG7, STM32MP131FAE7, STM32MP131FAF7, STM32MP131FAG7, STM32MP133AAE3, STM32MP133AAF3, STM32MP133AAG3, STM32MP133CAE3, STM32MP133CAF3, STM32MP133CAG3, STM32MP133DAE7, STM32MP133DAF7, STM32MP133DAG7, STM32MP133FAE7, STM32MP133FAF7, STM32MP133FAG7, STM32MP135AAE3, STM32MP135AAF3, STM32MP135AAG3, STM32MP135CAE3, STM32MP135CAF3, STM32MP135CAG3, STM32MP135DAE7, STM32MP135DAF7, STM32MP135DAG7, STM32MP135F-DK, STM32MP135FAE7, STM32MP135FAF7, STM32MP135FAG7, STM32U595ZJT6Q, STM32U599BJY6QTR, STM32U599NIH6Q, STM32U599NJH6Q, STM32U5A5ZJT6Q, STM32U5A9BJY6QTR, STM32U5A9NJH6Q, STM32WB1MMCH6]
2022-11-19 01:59:31,454 [INFO] DbMcus:215 - Found 3542 MCUs, 3542 are supported
2022-11-19 01:59:31,454 [INFO] ApiDb:418 - Load user favorites file C:\Users\gutst/.stm32cubeide/favorites.mcus.txt: 0 item(s)
2022-11-19 01:59:31,454 [INFO] ApiDb:422 - User favorites MCUs=[]
2022-11-19 01:59:31,454 [INFO] DbMcus:221 - Set 0 / 0 favorites MCUs
2022-11-19 01:59:31,479 [WARN] ThirdParty:789 - waiting for thirdparty lock release [change project]
2022-11-19 01:59:31,479 [INFO] ThirdParty:791 - entering critical section [change project]
2022-11-19 01:59:31,479 [INFO] ThirdParty:981 - CMSIS Pack Vendor :STMicroelectronics X-CUBE-ISPU 1.1.0
2022-11-19 01:59:31,479 [INFO] ThirdParty:981 - CMSIS Pack Vendor :RoweBots I-CUBE-UNISONRTOS 5.5.0-4
2022-11-19 01:59:31,479 [INFO] ThirdParty:981 - CMSIS Pack Vendor :STMicroelectronics X-CUBE-GNSS1 6.0.0
2022-11-19 01:59:31,479 [INFO] ThirdParty:981 - CMSIS Pack Vendor :STMicroelectronics X-CUBE-AZRTOS-H7 2.1.0
2022-11-19 01:59:31,479 [INFO] ThirdParty:981 - CMSIS Pack Vendor :STMicroelectronics USB_HOST 2.0.0
2022-11-19 01:59:31,479 [INFO] ThirdParty:981 - CMSIS Pack Vendor :STMicroelectronics X-CUBE-AZRTOS-F4 1.1.0
2022-11-19 01:59:31,479 [INFO] ThirdParty:981 - CMSIS Pack Vendor :STMicroelectronics LIBJPEG 8.0.0
2022-11-19 01:59:31,479 [INFO] ThirdParty:981 - CMSIS Pack Vendor :wolfSSL I-CUBE-wolfSSL 5.4.0
2022-11-19 01:59:31,479 [INFO] ThirdParty:981 - CMSIS Pack Vendor :STMicroelectronics USB_DEVICE 3.0.0
2022-11-19 01:59:31,479 [INFO] ThirdParty:981 - CMSIS Pack Vendor :STMicroelectronics X-CUBE-BLEMGR 1.0.0
2022-11-19 01:59:31,479 [INFO] ThirdParty:981 - CMSIS Pack Vendor :STMicroelectronics X-CUBE-BLEMGR 1.2.0
2022-11-19 01:59:31,479 [INFO] ThirdParty:981 - CMSIS Pack Vendor :STMicroelectronics X-CUBE-AZRTOS-F7 1.1.0
2022-11-19 01:59:31,479 [INFO] ThirdParty:981 - CMSIS Pack Vendor :STMicroelectronics USB_DEVICE 2.0.0
2022-11-19 01:59:31,479 [INFO] ThirdParty:981 - CMSIS Pack Vendor :STMicroelectronics X-CUBE-AI 7.3.0
2022-11-19 01:59:31,479 [INFO] ThirdParty:981 - CMSIS Pack Vendor :STMicroelectronics X-CUBE-BLE1 6.2.3
2022-11-19 01:59:31,479 [INFO] ThirdParty:981 - CMSIS Pack Vendor :STMicroelectronics X-CUBE-ALGOBUILD 1.3.0
2022-11-19 01:59:31,479 [INFO] ThirdParty:981 - CMSIS Pack Vendor :STMicroelectronics FreeRTOS 0.0.1
2022-11-19 01:59:31,487 [INFO] ThirdParty:981 - CMSIS Pack Vendor :STMicroelectronics X-CUBE-AZRTOS-G0 1.1.0
2022-11-19 01:59:31,487 [INFO] ThirdParty:981 - CMSIS Pack Vendor :STMicroelectronics X-CUBE-SUBG2 5.0.0
2022-11-19 01:59:31,487 [INFO] ThirdParty:981 - CMSIS Pack Vendor :SEGGER I-CUBE-embOS 1.2.0
2022-11-19 01:59:31,487 [INFO] ThirdParty:981 - CMSIS Pack Vendor :STMicroelectronics STM32_WPAN 1.0.0
2022-11-19 01:59:31,487 [INFO] ThirdParty:981 - CMSIS Pack Vendor :STMicroelectronics lwIP 2.0.3
2022-11-19 01:59:31,487 [INFO] ThirdParty:981 - CMSIS Pack Vendor :STMicroelectronics X-CUBE-NFC4 2.0.5
2022-11-19 01:59:31,487 [INFO] ThirdParty:981 - CMSIS Pack Vendor :STMicroelectronics X-CUBE-NFC4 2.0.4
2022-11-19 01:59:31,487 [INFO] ThirdParty:981 - CMSIS Pack Vendor :STMicroelectronics USB_HOST 1.0.0
2022-11-19 01:59:31,487 [INFO] ThirdParty:981 - CMSIS Pack Vendor :STMicroelectronics PDM2PCM 3.1.0
2022-11-19 01:59:31,487 [INFO] ThirdParty:981 - CMSIS Pack Vendor :STMicroelectronics FP-ATR-ASTRA1 1.1.1
2022-11-19 01:59:31,487 [INFO] ThirdParty:981 - CMSIS Pack Vendor :STMicroelectronics PDM2PCM 3.3.0
2022-11-19 01:59:31,487 [INFO] ThirdParty:981 - CMSIS Pack Vendor :STMicroelectronics X-CUBE-TOF1 3.1.0
2022-11-19 01:59:31,487 [INFO] ThirdParty:981 - CMSIS Pack Vendor :STMicroelectronics FP-ATR-ASTRA1 1.1.0
2022-11-19 01:59:31,487 [INFO] ThirdParty:981 - CMSIS Pack Vendor :STMicroelectronics X-CUBE-AZRTOS-G4 1.0.0
2022-11-19 01:59:31,487 [INFO] ThirdParty:981 - CMSIS Pack Vendor :STMicroelectronics FP-ATR-SIGFOX1 3.2.0
2022-11-19 01:59:31,487 [INFO] ThirdParty:981 - CMSIS Pack Vendor :STMicroelectronics X-CUBE-AZRTOS-L4 1.0.0
2022-11-19 01:59:31,487 [INFO] ThirdParty:981 - CMSIS Pack Vendor :STMicroelectronics HAL Drivers 0.0.0
2022-11-19 01:59:31,487 [INFO] ThirdParty:981 - CMSIS Pack Vendor :STMicroelectronics MBEDTLS 2.16.2
2022-11-19 01:59:31,487 [INFO] ThirdParty:981 - CMSIS Pack Vendor :emotas I-CUBE-CANOPEN 1.1.2
2022-11-19 01:59:31,487 [INFO] ThirdParty:981 - CMSIS Pack Vendor :STMicroelectronics X-CUBE-TOUCHGFX 4.20.0
2022-11-19 01:59:31,487 [INFO] ThirdParty:981 - CMSIS Pack Vendor :STMicroelectronics MBEDTLS 2.14.1
2022-11-19 01:59:31,487 [INFO] ThirdParty:981 - CMSIS Pack Vendor :STMicroelectronics X-CUBE-NFC7 1.0.0
2022-11-19 01:59:31,487 [INFO] ThirdParty:981 - CMSIS Pack Vendor :STMicroelectronics X-CUBE-AZRTOS-WL 1.0.0
2022-11-19 01:59:31,487 [INFO] ThirdParty:981 - CMSIS Pack Vendor :STMicroelectronics X-CUBE-MEMS1 9.3.0
2022-11-19 01:59:31,487 [INFO] ThirdParty:981 - CMSIS Pack Vendor :portGmbH I-Cube-SoM-uGOAL 1.1.0
2022-11-19 01:59:31,487 [INFO] ThirdParty:981 - CMSIS Pack Vendor :STMicroelectronics X-CUBE-ALS 1.0.1
2022-11-19 01:59:31,487 [INFO] ThirdParty:981 - CMSIS Pack Vendor :STMicroelectronics X-CUBE-AI 7.2.0
2022-11-19 01:59:31,487 [INFO] ThirdParty:981 - CMSIS Pack Vendor :STMicroelectronics ThreadX 1.0.0
2022-11-19 01:59:31,487 [INFO] ThirdParty:981 - CMSIS Pack Vendor :STMicroelectronics X-CUBE-AZRTOS-L5 1.0.0
2022-11-19 01:59:31,487 [INFO] ThirdParty:981 - CMSIS Pack Vendor :STMicroelectronics USB_DEVICE 1.0.0
2022-11-19 01:59:31,487 [INFO] ThirdParty:981 - CMSIS Pack Vendor :STMicroelectronics X-CUBE-EEPRMA1 3.1.1
2022-11-19 01:59:31,487 [INFO] ThirdParty:981 - CMSIS Pack Vendor :STMicroelectronics ThreadX 0.0.2
2022-11-19 01:59:31,487 [INFO] ThirdParty:981 - CMSIS Pack Vendor :STMicroelectronics lwIP 2.1.2
2022-11-19 01:59:31,487 [INFO] ThirdParty:981 - CMSIS Pack Vendor :STMicroelectronics X-CUBE-SFXS2LP1 4.0.0
2022-11-19 01:59:31,487 [INFO] ThirdParty:981 - CMSIS Pack Vendor :STMicroelectronics X-CUBE-BLE2 3.3.0
2022-11-19 01:59:31,487 [INFO] ThirdParty:981 - CMSIS Pack Vendor :STMicroelectronics X-CUBE-DISPLAY 2.2.0
2022-11-19 01:59:31,487 [INFO] ThirdParty:981 - CMSIS Pack Vendor :STMicroelectronics X-CUBE-TOF1 3.2.0
2022-11-19 01:59:31,487 [INFO] ThirdParty:981 - CMSIS Pack Vendor :STMicroelectronics PDM2PCM 3.2.0
2022-11-19 01:59:31,487 [INFO] ThirdParty:981 - CMSIS Pack Vendor :STMicroelectronics X-CUBE-ISPU 1.0.0
2022-11-19 01:59:31,487 [INFO] ThirdParty:797 - exiting critical section [change project]
2022-11-19 01:59:31,910 [INFO] PinOutPanel:1468 - setPackage(No Configuration,No Configuration)
2022-11-19 01:59:31,910 [INFO] PinOutPanel:1468 - setPackage(STM32G031F8Px,TSSOP20)
2022-11-19 01:59:32,608 [INFO] UtilMem:74 - Before build in PCC Used Memory: 496393776 Bytes (800063488)
2022-11-19 01:59:33,965 [INFO] UtilMem:74 - After build in PCC Used Memory: 533334896 Bytes (800063488)
2022-11-19 01:59:34,002 [INFO] IPUIPlugin:79 - create IPUIPlugin
2022-11-19 01:59:34,002 [INFO] IPUIPlugin:79 - create IPUIPlugin
2022-11-19 01:59:34,002 [INFO] IPUIPlugin:79 - create IPUIPlugin
2022-11-19 01:59:34,002 [INFO] IPUIPlugin:79 - create IPUIPlugin
2022-11-19 01:59:34,002 [INFO] IPUIPlugin:79 - create IPUIPlugin
2022-11-19 01:59:34,002 [INFO] IPUIPlugin:79 - create IPUIPlugin
2022-11-19 01:59:34,002 [INFO] IPUIPlugin:79 - create IPUIPlugin
2022-11-19 01:59:34,002 [INFO] IPUIPlugin:79 - create IPUIPlugin
2022-11-19 01:59:34,002 [INFO] IPUIPlugin:79 - create IPUIPlugin
2022-11-19 01:59:34,010 [INFO] IPUIPlugin:79 - create IPUIPlugin
2022-11-19 01:59:34,010 [INFO] IPUIPlugin:79 - create IPUIPlugin
2022-11-19 01:59:34,010 [INFO] IPUIPlugin:79 - create IPUIPlugin
2022-11-19 01:59:34,010 [INFO] IPUIPlugin:79 - create IPUIPlugin
2022-11-19 01:59:34,010 [INFO] IPUIPlugin:79 - create IPUIPlugin
2022-11-19 01:59:34,010 [INFO] IPUIPlugin:79 - create IPUIPlugin
2022-11-19 01:59:34,010 [INFO] IPUIPlugin:79 - create IPUIPlugin
2022-11-19 01:59:34,014 [INFO] IPUIPlugin:79 - create IPUIPlugin
2022-11-19 01:59:34,014 [INFO] IPUIPlugin:79 - create IPUIPlugin
2022-11-19 01:59:34,014 [INFO] IPUIPlugin:79 - create IPUIPlugin
2022-11-19 01:59:34,014 [INFO] IPUIPlugin:79 - create IPUIPlugin
2022-11-19 01:59:34,014 [INFO] IPUIPlugin:79 - create IPUIPlugin
2022-11-19 01:59:34,014 [INFO] IPUIPlugin:79 - create IPUIPlugin
2022-11-19 01:59:34,014 [INFO] IPUIPlugin:79 - create IPUIPlugin
2022-11-19 01:59:34,014 [INFO] IPUIPlugin:79 - create IPUIPlugin
2022-11-19 01:59:34,014 [INFO] IPUIPlugin:79 - create IPUIPlugin
2022-11-19 01:59:34,014 [INFO] IPUIPlugin:79 - create IPUIPlugin
2022-11-19 01:59:34,014 [INFO] IPUIPlugin:79 - create IPUIPlugin
2022-11-19 01:59:34,014 [INFO] IPUIPlugin:79 - create IPUIPlugin
2022-11-19 01:59:34,014 [INFO] IPUIPlugin:79 - create IPUIPlugin
2022-11-19 01:59:34,343 [INFO] OpenFileManager:327 - Restore cursor
2022-11-19 02:00:24,954 [INFO] MainUpdater:2768 - connection check result : 10
2022-11-19 02:00:24,954 [INFO] MainUpdater:2768 - connection check result : 10
2022-11-19 02:00:25,010 [INFO] I2cTimingTraitement:329 - 0x00303D5B
2022-11-19 02:00:25,513 [INFO] MicroXplorer:451 - Change Database Path : 
2022-11-19 02:00:25,513 [INFO] MicroXplorer:481 - Change Database Version : DB.6.0.60
2022-11-19 02:00:25,536 [WARN] ThirdParty:827 - waiting for thirdparty lock release [close project]
2022-11-19 02:00:25,536 [INFO] ThirdParty:829 - entering critical section [close project]
2022-11-19 02:00:25,536 [INFO] ThirdParty:839 - exiting critical section [close project]
2022-11-19 02:00:25,536 [INFO] PinOutPanel:1468 - setPackage(No Configuration,No Configuration)
2022-11-19 02:00:25,539 [INFO] UtilMem:74 - Begin LoadConfig() Used Memory: 553310176 Bytes (800063488)
2022-11-19 02:00:25,539 [INFO] MicroXplorer:451 - Change Database Path : 
2022-11-19 02:00:25,539 [INFO] MicroXplorer:481 - Change Database Version : DB.6.0.60
2022-11-19 02:00:25,547 [INFO] OpenFileManager:307 - Change cursor
2022-11-19 02:00:25,564 [INFO] Mcu:1922 - Initializing MCU STM32F411R(C-E)Tx STM32F411RETx STM32F411RET6
2022-11-19 02:00:26,799 [INFO] Context:654 - Trying to add GPIOservice into a context  which must be forbidden
2022-11-19 02:00:27,090 [WARN] ApiManager:308 - Cannot register API 'Board Extension:GNSS1A1' from pack STMicroelectronics.X-CUBE-GNSS1.6.0.0: no header file found
2022-11-19 02:00:27,090 [WARN] ApiManager:308 - Cannot register API 'Board Support:Custom' from pack STMicroelectronics.X-CUBE-GNSS1.6.0.0: no header file found
2022-11-19 02:00:27,098 [WARN] ApiManager:308 - Cannot register API 'Data Exchange:lib_gnss' from pack STMicroelectronics.X-CUBE-GNSS1.6.0.0: no header file found
2022-11-19 02:00:27,098 [WARN] ApiManager:308 - Cannot register API 'Wireless:BlueNRG-MS' from pack STMicroelectronics.X-CUBE-BLE1.6.2.3: no header file found
2022-11-19 02:00:27,098 [INFO] RtosManager:488 - Registered RTOS mode: class=CMSIS, group=RTOS, mode=CMSIS_V1, owner=FREERTOS
2022-11-19 02:00:27,098 [INFO] RtosManager:488 - Registered RTOS mode: class=CMSIS, group=RTOS2, mode=CMSIS_V2, owner=FREERTOS
2022-11-19 02:00:27,098 [INFO] RtosManager:488 - Registered RTOS mode: class=RTOS, group=Core, mode=CMSIS_V1, owner=FREERTOS
2022-11-19 02:00:27,098 [INFO] RtosManager:488 - Registered RTOS mode: class=RTOS, group=Core, mode=CMSIS_V2, owner=FREERTOS
2022-11-19 02:00:27,098 [WARN] ModelIntegratedComponent:185 - Missing modes for component STMicroelectronics:FreeRTOS:0.0.1:STMicroelectronics:RTOS:FreeRTOS:Core:::10.2.0:
2022-11-19 02:00:27,106 [WARN] ApiManager:308 - Cannot register API 'Board Extension:S2868A1' from pack STMicroelectronics.X-CUBE-SUBG2.5.0.0: no header file found
2022-11-19 02:00:27,106 [WARN] ApiManager:308 - Cannot register API 'Board Extension:S2868A2' from pack STMicroelectronics.X-CUBE-SUBG2.5.0.0: no header file found
2022-11-19 02:00:27,106 [WARN] ApiManager:308 - Cannot register API 'Board Extension:S2915A1' from pack STMicroelectronics.X-CUBE-SUBG2.5.0.0: no header file found
2022-11-19 02:00:27,115 [WARN] ApiManager:308 - Cannot register API 'Board Extension:NFC04A1' from pack STMicroelectronics.X-CUBE-NFC4.2.0.5: no header file found
2022-11-19 02:00:27,115 [WARN] ApiManager:308 - Cannot register API 'Board Extension:NFC04A1' from pack STMicroelectronics.X-CUBE-NFC4.2.0.4: no header file found
2022-11-19 02:00:27,115 [WARN] ModelIntegratedComponent:183 - Modes not found for component STMicroelectronics:USB_HOST:1.0.0:STMicroelectronics:USB::USB Host:Audio HS::1.0:USB_HOST_1_0_RESTRICTED_HS
2022-11-19 02:00:27,115 [WARN] ModelIntegratedComponent:189 - Modes not found for component STMicroelectronics:USB_HOST:1.0.0:STMicroelectronics:USB::USB Host:Audio HS::1.0:USB_HOST_1_0_RESTRICTED_HS
2022-11-19 02:00:27,115 [WARN] ModelIntegratedComponent:183 - Modes not found for component STMicroelectronics:USB_HOST:1.0.0:STMicroelectronics:USB::USB Host:CDC HS::1.0:USB_HOST_1_0_RESTRICTED_HS
2022-11-19 02:00:27,115 [WARN] ModelIntegratedComponent:189 - Modes not found for component STMicroelectronics:USB_HOST:1.0.0:STMicroelectronics:USB::USB Host:CDC HS::1.0:USB_HOST_1_0_RESTRICTED_HS
2022-11-19 02:00:27,115 [WARN] ModelIntegratedComponent:183 - Modes not found for component STMicroelectronics:USB_HOST:1.0.0:STMicroelectronics:USB::USB Host:MSC HS::1.0:USB_HOST_1_0_RESTRICTED_HS
2022-11-19 02:00:27,115 [WARN] ModelIntegratedComponent:189 - Modes not found for component STMicroelectronics:USB_HOST:1.0.0:STMicroelectronics:USB::USB Host:MSC HS::1.0:USB_HOST_1_0_RESTRICTED_HS
2022-11-19 02:00:27,115 [WARN] ModelIntegratedComponent:183 - Modes not found for component STMicroelectronics:USB_HOST:1.0.0:STMicroelectronics:USB::USB Host:HID HS::1.0:USB_HOST_1_0_RESTRICTED_HS
2022-11-19 02:00:27,115 [WARN] ModelIntegratedComponent:189 - Modes not found for component STMicroelectronics:USB_HOST:1.0.0:STMicroelectronics:USB::USB Host:HID HS::1.0:USB_HOST_1_0_RESTRICTED_HS
2022-11-19 02:00:27,115 [WARN] ModelIntegratedComponent:183 - Modes not found for component STMicroelectronics:USB_HOST:1.0.0:STMicroelectronics:USB::USB Host:MTP HS::1.0:USB_HOST_1_0_RESTRICTED_HS
2022-11-19 02:00:27,115 [WARN] ModelIntegratedComponent:189 - Modes not found for component STMicroelectronics:USB_HOST:1.0.0:STMicroelectronics:USB::USB Host:MTP HS::1.0:USB_HOST_1_0_RESTRICTED_HS
2022-11-19 02:00:27,124 [WARN] ModelIntegratedComponent:64 - No mode defined for component null
2022-11-19 02:00:27,124 [WARN] ModelIntegratedComponent:64 - No mode defined for component null
2022-11-19 02:00:27,124 [WARN] ModelIntegratedComponent:64 - No mode defined for component null
2022-11-19 02:00:27,124 [WARN] ModelIntegratedComponent:64 - No mode defined for component null
2022-11-19 02:00:27,124 [WARN] ModelIntegratedComponent:64 - No mode defined for component null
2022-11-19 02:00:27,124 [WARN] ModelIntegratedComponent:64 - No mode defined for component null
2022-11-19 02:00:27,124 [WARN] ModelIntegratedComponent:64 - No mode defined for component null
2022-11-19 02:00:27,124 [WARN] ModelIntegratedComponent:64 - No mode defined for component null
2022-11-19 02:00:27,124 [WARN] ModelIntegratedComponent:64 - No mode defined for component null
2022-11-19 02:00:27,124 [WARN] ModelIntegratedComponent:64 - No mode defined for component null
2022-11-19 02:00:27,124 [WARN] ModelIntegratedComponent:64 - No mode defined for component null
2022-11-19 02:00:27,124 [WARN] ModelIntegratedComponent:64 - No mode defined for component null
2022-11-19 02:00:27,124 [WARN] ModelIntegratedComponent:64 - No mode defined for component null
2022-11-19 02:00:27,124 [WARN] ModelIntegratedComponent:64 - No mode defined for component null
2022-11-19 02:00:27,124 [WARN] ModelIntegratedComponent:64 - No mode defined for component null
2022-11-19 02:00:27,124 [WARN] ModelIntegratedComponent:64 - No mode defined for component null
2022-11-19 02:00:27,124 [WARN] ModelIntegratedComponent:64 - No mode defined for component null
2022-11-19 02:00:27,124 [WARN] ModelIntegratedComponent:64 - No mode defined for component null
2022-11-19 02:00:27,124 [WARN] ModelIntegratedComponent:64 - No mode defined for component null
2022-11-19 02:00:27,124 [WARN] ModelIntegratedComponent:64 - No mode defined for component null
2022-11-19 02:00:27,124 [WARN] ModelIntegratedComponent:64 - No mode defined for component null
2022-11-19 02:00:27,124 [WARN] ModelIntegratedComponent:64 - No mode defined for component null
2022-11-19 02:00:27,124 [WARN] ModelIntegratedComponent:64 - No mode defined for component null
2022-11-19 02:00:27,124 [WARN] ModelIntegratedComponent:64 - No mode defined for component null
2022-11-19 02:00:27,124 [WARN] ModelIntegratedComponent:64 - No mode defined for component null
2022-11-19 02:00:27,124 [WARN] ModelIntegratedComponent:64 - No mode defined for component null
2022-11-19 02:00:27,124 [WARN] ModelIntegratedComponent:64 - No mode defined for component null
2022-11-19 02:00:27,124 [WARN] ModelIntegratedComponent:64 - No mode defined for component null
2022-11-19 02:00:27,124 [WARN] ModelIntegratedComponent:64 - No mode defined for component null
2022-11-19 02:00:27,124 [WARN] ModelIntegratedComponent:64 - No mode defined for component null
2022-11-19 02:00:27,124 [WARN] ModelIntegratedComponent:64 - No mode defined for component null
2022-11-19 02:00:27,124 [WARN] ModelIntegratedComponent:64 - No mode defined for component null
2022-11-19 02:00:27,124 [WARN] ModelIntegratedComponent:64 - No mode defined for component null
2022-11-19 02:00:27,124 [WARN] ApiManager:308 - Cannot register API 'Board Extension:NFC07A1' from pack STMicroelectronics.X-CUBE-NFC7.1.0.0: no header file found
2022-11-19 02:00:27,213 [WARN] ApiManager:308 - Cannot register API 'Board Extension:IKS01A3' from pack STMicroelectronics.X-CUBE-MEMS1.9.3.0: no header file found
2022-11-19 02:00:27,213 [WARN] ApiManager:308 - Cannot register API 'Board Extension:IKS01A2' from pack STMicroelectronics.X-CUBE-MEMS1.9.3.0: no header file found
2022-11-19 02:00:27,213 [WARN] ApiManager:308 - Cannot register API 'Board Extension:IKS02A1' from pack STMicroelectronics.X-CUBE-MEMS1.9.3.0: no header file found
2022-11-19 02:00:27,221 [WARN] ModelIntegratedComponent:183 - Modes not found for component STMicroelectronics:USB_DEVICE:1.0.0:STMicroelectronics:USB::USB Device:Audio HS::1.0:USB_DEVICE_1_0_RESTRICTED_HS
2022-11-19 02:00:27,221 [WARN] ModelIntegratedComponent:189 - Modes not found for component STMicroelectronics:USB_DEVICE:1.0.0:STMicroelectronics:USB::USB Device:Audio HS::1.0:USB_DEVICE_1_0_RESTRICTED_HS
2022-11-19 02:00:27,221 [WARN] ModelIntegratedComponent:183 - Modes not found for component STMicroelectronics:USB_DEVICE:1.0.0:STMicroelectronics:USB::USB Device:CDC HS::1.0:USB_DEVICE_1_0_RESTRICTED_HS
2022-11-19 02:00:27,221 [WARN] ModelIntegratedComponent:189 - Modes not found for component STMicroelectronics:USB_DEVICE:1.0.0:STMicroelectronics:USB::USB Device:CDC HS::1.0:USB_DEVICE_1_0_RESTRICTED_HS
2022-11-19 02:00:27,221 [WARN] ModelIntegratedComponent:183 - Modes not found for component STMicroelectronics:USB_DEVICE:1.0.0:STMicroelectronics:USB::USB Device:DFU HS::1.0:USB_DEVICE_1_0_RESTRICTED_HS
2022-11-19 02:00:27,221 [WARN] ModelIntegratedComponent:189 - Modes not found for component STMicroelectronics:USB_DEVICE:1.0.0:STMicroelectronics:USB::USB Device:DFU HS::1.0:USB_DEVICE_1_0_RESTRICTED_HS
2022-11-19 02:00:27,221 [WARN] ModelIntegratedComponent:183 - Modes not found for component STMicroelectronics:USB_DEVICE:1.0.0:STMicroelectronics:USB::USB Device:HID HS::1.0:USB_DEVICE_1_0_RESTRICTED_HS
2022-11-19 02:00:27,221 [WARN] ModelIntegratedComponent:189 - Modes not found for component STMicroelectronics:USB_DEVICE:1.0.0:STMicroelectronics:USB::USB Device:HID HS::1.0:USB_DEVICE_1_0_RESTRICTED_HS
2022-11-19 02:00:27,221 [WARN] ModelIntegratedComponent:183 - Modes not found for component STMicroelectronics:USB_DEVICE:1.0.0:STMicroelectronics:USB::USB Device:Custom HID HS::1.0:USB_DEVICE_1_0_RESTRICTED_HS
2022-11-19 02:00:27,221 [WARN] ModelIntegratedComponent:189 - Modes not found for component STMicroelectronics:USB_DEVICE:1.0.0:STMicroelectronics:USB::USB Device:Custom HID HS::1.0:USB_DEVICE_1_0_RESTRICTED_HS
2022-11-19 02:00:27,221 [WARN] ModelIntegratedComponent:183 - Modes not found for component STMicroelectronics:USB_DEVICE:1.0.0:STMicroelectronics:USB::USB Device:MSC HS::1.0:USB_DEVICE_1_0_RESTRICTED_HS
2022-11-19 02:00:27,221 [WARN] ModelIntegratedComponent:189 - Modes not found for component STMicroelectronics:USB_DEVICE:1.0.0:STMicroelectronics:USB::USB Device:MSC HS::1.0:USB_DEVICE_1_0_RESTRICTED_HS
2022-11-19 02:00:27,221 [WARN] ApiManager:308 - Cannot register API 'Board Extension:EEPRMA1' from pack STMicroelectronics.X-CUBE-EEPRMA1.3.1.1: no header file found
2022-11-19 02:00:27,221 [WARN] ApiManager:308 - Cannot register API 'Board Extension:EEPRMA2' from pack STMicroelectronics.X-CUBE-EEPRMA1.3.1.1: no header file found
2022-11-19 02:00:27,221 [WARN] ApiManager:308 - Cannot register API 'Board Extension:S2868A1' from pack STMicroelectronics.X-CUBE-SFXS2LP1.4.0.0: no header file found
2022-11-19 02:00:27,221 [WARN] ApiManager:308 - Cannot register API 'Board Extension:S2868A2' from pack STMicroelectronics.X-CUBE-SFXS2LP1.4.0.0: no header file found
2022-11-19 02:00:27,221 [WARN] ApiManager:308 - Cannot register API 'Board Extension:S2915A1' from pack STMicroelectronics.X-CUBE-SFXS2LP1.4.0.0: no header file found
2022-11-19 02:00:27,221 [WARN] ApiManager:308 - Cannot register API 'Wireless:BlueNRG-2' from pack STMicroelectronics.X-CUBE-BLE2.3.3.0: no header file found
2022-11-19 02:00:27,234 [INFO] ThirdPartyModel:289 - Start build external matchings
2022-11-19 02:00:27,415 [INFO] ThirdPartyModel:302 - End build external matchings
2022-11-19 02:00:27,423 [INFO] ImportTextPane:193 - (OptionalMessage_ERROR) IP (DMA) : Parameter (Instance) has Id (ADC1) currently not set
2022-11-19 02:00:27,423 [INFO] ImportTextPane:193 - (OptionalMessage_ERROR) IP (DMA) : Parameter (Channel) has Id (ADC1) currently not set
2022-11-19 02:00:27,423 [INFO] ImportTextPane:193 - (OptionalMessage_ERROR) IP (DMA) : Parameter (Direction) has Id (ADC1) currently not set
2022-11-19 02:00:27,423 [INFO] ImportTextPane:193 - (OptionalMessage_ERROR) IP (DMA) : Parameter (PeriphInc) has Id (ADC1) currently not set
2022-11-19 02:00:27,423 [INFO] ImportTextPane:193 - (OptionalMessage_ERROR) IP (DMA) : Parameter (MemInc) has Id (ADC1) currently not set
2022-11-19 02:00:27,423 [INFO] ImportTextPane:193 - (OptionalMessage_ERROR) IP (DMA) : Parameter (PeriphDataAlignment) has Id (ADC1) currently not set
2022-11-19 02:00:27,423 [INFO] ImportTextPane:193 - (OptionalMessage_ERROR) IP (DMA) : Parameter (MemDataAlignment) has Id (ADC1) currently not set
2022-11-19 02:00:27,423 [INFO] ImportTextPane:193 - (OptionalMessage_ERROR) IP (DMA) : Parameter (Mode) has Id (ADC1) currently not set
2022-11-19 02:00:27,423 [INFO] ImportTextPane:193 - (OptionalMessage_ERROR) IP (DMA) : Parameter (Priority) has Id (ADC1) currently not set
2022-11-19 02:00:27,423 [INFO] ImportTextPane:193 - (OptionalMessage_ERROR) IP (DMA) : Parameter (FIFOMode) has Id (ADC1) currently not set
2022-11-19 02:00:27,850 [INFO] UtilMem:74 - End LoadConfig() Used Memory: 646021264 Bytes (800063488)
2022-11-19 02:00:27,915 [WARN] ThirdParty:789 - waiting for thirdparty lock release [change project]
2022-11-19 02:00:27,916 [INFO] ThirdParty:791 - entering critical section [change project]
2022-11-19 02:00:27,916 [INFO] ThirdParty:981 - CMSIS Pack Vendor :STMicroelectronics X-CUBE-ISPU 1.1.0
2022-11-19 02:00:27,916 [INFO] ThirdParty:981 - CMSIS Pack Vendor :RoweBots I-CUBE-UNISONRTOS 5.5.0-4
2022-11-19 02:00:27,916 [INFO] ThirdParty:981 - CMSIS Pack Vendor :STMicroelectronics X-CUBE-GNSS1 6.0.0
2022-11-19 02:00:27,916 [INFO] ThirdParty:981 - CMSIS Pack Vendor :STMicroelectronics X-CUBE-AZRTOS-H7 2.1.0
2022-11-19 02:00:27,916 [INFO] ThirdParty:981 - CMSIS Pack Vendor :STMicroelectronics USB_HOST 2.0.0
2022-11-19 02:00:27,916 [INFO] ThirdParty:981 - CMSIS Pack Vendor :STMicroelectronics X-CUBE-AZRTOS-F4 1.1.0
2022-11-19 02:00:27,916 [INFO] ThirdParty:981 - CMSIS Pack Vendor :STMicroelectronics LIBJPEG 8.0.0
2022-11-19 02:00:27,916 [INFO] ThirdParty:981 - CMSIS Pack Vendor :wolfSSL I-CUBE-wolfSSL 5.4.0
2022-11-19 02:00:27,916 [INFO] ThirdParty:981 - CMSIS Pack Vendor :STMicroelectronics USB_DEVICE 3.0.0
2022-11-19 02:00:27,916 [INFO] ThirdParty:981 - CMSIS Pack Vendor :STMicroelectronics X-CUBE-BLEMGR 1.0.0
2022-11-19 02:00:27,916 [INFO] ThirdParty:981 - CMSIS Pack Vendor :STMicroelectronics X-CUBE-BLEMGR 1.2.0
2022-11-19 02:00:27,916 [INFO] ThirdParty:981 - CMSIS Pack Vendor :STMicroelectronics X-CUBE-AZRTOS-F7 1.1.0
2022-11-19 02:00:27,916 [INFO] ThirdParty:981 - CMSIS Pack Vendor :STMicroelectronics USB_DEVICE 2.0.0
2022-11-19 02:00:27,916 [INFO] ThirdParty:981 - CMSIS Pack Vendor :STMicroelectronics X-CUBE-AI 7.3.0
2022-11-19 02:00:27,916 [INFO] ThirdParty:981 - CMSIS Pack Vendor :STMicroelectronics X-CUBE-BLE1 6.2.3
2022-11-19 02:00:27,916 [INFO] ThirdParty:981 - CMSIS Pack Vendor :STMicroelectronics X-CUBE-ALGOBUILD 1.3.0
2022-11-19 02:00:27,916 [INFO] ThirdParty:981 - CMSIS Pack Vendor :STMicroelectronics FreeRTOS 0.0.1
2022-11-19 02:00:27,916 [INFO] ThirdParty:981 - CMSIS Pack Vendor :STMicroelectronics X-CUBE-AZRTOS-G0 1.1.0
2022-11-19 02:00:27,916 [INFO] ThirdParty:981 - CMSIS Pack Vendor :STMicroelectronics X-CUBE-SUBG2 5.0.0
2022-11-19 02:00:27,916 [INFO] ThirdParty:981 - CMSIS Pack Vendor :SEGGER I-CUBE-embOS 1.2.0
2022-11-19 02:00:27,916 [INFO] ThirdParty:981 - CMSIS Pack Vendor :STMicroelectronics STM32_WPAN 1.0.0
2022-11-19 02:00:27,916 [INFO] ThirdParty:981 - CMSIS Pack Vendor :STMicroelectronics lwIP 2.0.3
2022-11-19 02:00:27,916 [INFO] ThirdParty:981 - CMSIS Pack Vendor :STMicroelectronics X-CUBE-NFC4 2.0.5
2022-11-19 02:00:27,916 [INFO] ThirdParty:981 - CMSIS Pack Vendor :STMicroelectronics X-CUBE-NFC4 2.0.4
2022-11-19 02:00:27,917 [INFO] ThirdParty:981 - CMSIS Pack Vendor :STMicroelectronics USB_HOST 1.0.0
2022-11-19 02:00:27,917 [INFO] ThirdParty:981 - CMSIS Pack Vendor :STMicroelectronics PDM2PCM 3.1.0
2022-11-19 02:00:27,917 [INFO] ThirdParty:981 - CMSIS Pack Vendor :STMicroelectronics FP-ATR-ASTRA1 1.1.1
2022-11-19 02:00:27,917 [INFO] ThirdParty:981 - CMSIS Pack Vendor :STMicroelectronics PDM2PCM 3.3.0
2022-11-19 02:00:27,917 [INFO] ThirdParty:981 - CMSIS Pack Vendor :STMicroelectronics X-CUBE-TOF1 3.1.0
2022-11-19 02:00:27,917 [INFO] ThirdParty:981 - CMSIS Pack Vendor :STMicroelectronics FP-ATR-ASTRA1 1.1.0
2022-11-19 02:00:27,917 [INFO] ThirdParty:981 - CMSIS Pack Vendor :STMicroelectronics X-CUBE-AZRTOS-G4 1.0.0
2022-11-19 02:00:27,917 [INFO] ThirdParty:981 - CMSIS Pack Vendor :STMicroelectronics FP-ATR-SIGFOX1 3.2.0
2022-11-19 02:00:27,917 [INFO] ThirdParty:981 - CMSIS Pack Vendor :STMicroelectronics X-CUBE-AZRTOS-L4 1.0.0
2022-11-19 02:00:27,917 [INFO] ThirdParty:981 - CMSIS Pack Vendor :STMicroelectronics HAL Drivers 0.0.0
2022-11-19 02:00:27,917 [INFO] ThirdParty:981 - CMSIS Pack Vendor :STMicroelectronics MBEDTLS 2.16.2
2022-11-19 02:00:27,917 [INFO] ThirdParty:981 - CMSIS Pack Vendor :emotas I-CUBE-CANOPEN 1.1.2
2022-11-19 02:00:27,917 [INFO] ThirdParty:981 - CMSIS Pack Vendor :STMicroelectronics X-CUBE-TOUCHGFX 4.20.0
2022-11-19 02:00:27,917 [INFO] ThirdParty:981 - CMSIS Pack Vendor :STMicroelectronics MBEDTLS 2.14.1
2022-11-19 02:00:27,918 [INFO] ThirdParty:981 - CMSIS Pack Vendor :STMicroelectronics X-CUBE-NFC7 1.0.0
2022-11-19 02:00:27,918 [INFO] ThirdParty:981 - CMSIS Pack Vendor :STMicroelectronics X-CUBE-AZRTOS-WL 1.0.0
2022-11-19 02:00:27,918 [INFO] ThirdParty:981 - CMSIS Pack Vendor :STMicroelectronics X-CUBE-MEMS1 9.3.0
2022-11-19 02:00:27,918 [INFO] ThirdParty:981 - CMSIS Pack Vendor :portGmbH I-Cube-SoM-uGOAL 1.1.0
2022-11-19 02:00:27,918 [INFO] ThirdParty:981 - CMSIS Pack Vendor :STMicroelectronics X-CUBE-ALS 1.0.1
2022-11-19 02:00:27,918 [INFO] ThirdParty:981 - CMSIS Pack Vendor :STMicroelectronics X-CUBE-AI 7.2.0
2022-11-19 02:00:27,918 [INFO] ThirdParty:981 - CMSIS Pack Vendor :STMicroelectronics ThreadX 1.0.0
2022-11-19 02:00:27,918 [INFO] ThirdParty:981 - CMSIS Pack Vendor :STMicroelectronics X-CUBE-AZRTOS-L5 1.0.0
2022-11-19 02:00:27,918 [INFO] ThirdParty:981 - CMSIS Pack Vendor :STMicroelectronics USB_DEVICE 1.0.0
2022-11-19 02:00:27,918 [INFO] ThirdParty:981 - CMSIS Pack Vendor :STMicroelectronics X-CUBE-EEPRMA1 3.1.1
2022-11-19 02:00:27,918 [INFO] ThirdParty:981 - CMSIS Pack Vendor :STMicroelectronics ThreadX 0.0.2
2022-11-19 02:00:27,918 [INFO] ThirdParty:981 - CMSIS Pack Vendor :STMicroelectronics lwIP 2.1.2
2022-11-19 02:00:27,918 [INFO] ThirdParty:981 - CMSIS Pack Vendor :STMicroelectronics X-CUBE-SFXS2LP1 4.0.0
2022-11-19 02:00:27,918 [INFO] ThirdParty:981 - CMSIS Pack Vendor :STMicroelectronics X-CUBE-BLE2 3.3.0
2022-11-19 02:00:27,918 [INFO] ThirdParty:981 - CMSIS Pack Vendor :STMicroelectronics X-CUBE-DISPLAY 2.2.0
2022-11-19 02:00:27,918 [INFO] ThirdParty:981 - CMSIS Pack Vendor :STMicroelectronics X-CUBE-TOF1 3.2.0
2022-11-19 02:00:27,918 [INFO] ThirdParty:981 - CMSIS Pack Vendor :STMicroelectronics PDM2PCM 3.2.0
2022-11-19 02:00:27,918 [INFO] ThirdParty:981 - CMSIS Pack Vendor :STMicroelectronics X-CUBE-ISPU 1.0.0
2022-11-19 02:00:27,918 [INFO] ThirdParty:797 - exiting critical section [change project]
2022-11-19 02:00:28,201 [INFO] PinOutPanel:1468 - setPackage(No Configuration,No Configuration)
2022-11-19 02:00:28,201 [INFO] PinOutPanel:1468 - setPackage(STM32F411RETx,LQFP64)
2022-11-19 02:00:28,480 [INFO] UtilMem:74 - Before build in PCC Used Memory: 575961072 Bytes (800063488)
2022-11-19 02:00:28,799 [INFO] UtilMem:74 - After build in PCC Used Memory: 617904112 Bytes (800063488)
2022-11-19 02:00:28,824 [INFO] IPUIPlugin:79 - create IPUIPlugin
2022-11-19 02:00:28,824 [INFO] IPUIPlugin:79 - create IPUIPlugin
2022-11-19 02:00:28,824 [INFO] IPUIPlugin:79 - create IPUIPlugin
2022-11-19 02:00:28,824 [INFO] IPUIPlugin:79 - create IPUIPlugin
2022-11-19 02:00:28,824 [INFO] IPUIPlugin:79 - create IPUIPlugin
2022-11-19 02:00:28,824 [INFO] IPUIPlugin:79 - create IPUIPlugin
2022-11-19 02:00:28,824 [INFO] IPUIPlugin:79 - create IPUIPlugin
2022-11-19 02:00:28,824 [INFO] IPUIPlugin:79 - create IPUIPlugin
2022-11-19 02:00:28,824 [INFO] IPUIPlugin:79 - create IPUIPlugin
2022-11-19 02:00:28,832 [INFO] IPUIPlugin:79 - create IPUIPlugin
2022-11-19 02:00:28,832 [INFO] IPUIPlugin:79 - create IPUIPlugin
2022-11-19 02:00:28,832 [INFO] IPUIPlugin:79 - create IPUIPlugin
2022-11-19 02:00:28,832 [INFO] IPUIPlugin:79 - create IPUIPlugin
2022-11-19 02:00:28,832 [INFO] IPUIPlugin:79 - create IPUIPlugin
2022-11-19 02:00:28,832 [INFO] IPUIPlugin:79 - create IPUIPlugin
2022-11-19 02:00:28,832 [INFO] IPUIPlugin:79 - create IPUIPlugin
2022-11-19 02:00:28,832 [INFO] IPUIPlugin:79 - create IPUIPlugin
2022-11-19 02:00:28,832 [INFO] IPUIPlugin:79 - create IPUIPlugin
2022-11-19 02:00:28,832 [INFO] IPUIPlugin:79 - create IPUIPlugin
2022-11-19 02:00:28,832 [INFO] IPUIPlugin:79 - create IPUIPlugin
2022-11-19 02:00:28,832 [INFO] IPUIPlugin:79 - create IPUIPlugin
2022-11-19 02:00:28,832 [INFO] IPUIPlugin:79 - create IPUIPlugin
2022-11-19 02:00:28,832 [INFO] IPUIPlugin:79 - create IPUIPlugin
2022-11-19 02:00:28,832 [INFO] IPUIPlugin:79 - create IPUIPlugin
2022-11-19 02:00:28,832 [INFO] IPUIPlugin:79 - create IPUIPlugin
2022-11-19 02:00:28,832 [INFO] IPUIPlugin:79 - create IPUIPlugin
2022-11-19 02:00:28,832 [INFO] IPUIPlugin:79 - create IPUIPlugin
2022-11-19 02:00:28,840 [INFO] IPUIPlugin:79 - create IPUIPlugin
2022-11-19 02:00:28,840 [INFO] IPUIPlugin:79 - create IPUIPlugin
2022-11-19 02:00:28,840 [INFO] IPUIPlugin:79 - create IPUIPlugin
2022-11-19 02:00:28,840 [INFO] IPUIPlugin:79 - create IPUIPlugin
2022-11-19 02:00:28,840 [INFO] IPUIPlugin:79 - create IPUIPlugin
2022-11-19 02:00:28,840 [INFO] IPUIPlugin:79 - create IPUIPlugin
2022-11-19 02:00:28,840 [INFO] IPUIPlugin:79 - create IPUIPlugin
2022-11-19 02:00:28,840 [INFO] IPUIPlugin:79 - create IPUIPlugin
2022-11-19 02:00:28,840 [INFO] IPUIPlugin:79 - create IPUIPlugin
2022-11-19 02:00:28,840 [INFO] IPUIPlugin:79 - create IPUIPlugin
2022-11-19 02:00:28,840 [INFO] IPUIPlugin:79 - create IPUIPlugin
2022-11-19 02:00:28,840 [INFO] IPUIPlugin:79 - create IPUIPlugin
2022-11-19 02:00:28,840 [INFO] IPUIPlugin:79 - create IPUIPlugin
2022-11-19 02:00:28,840 [INFO] IPUIPlugin:79 - create IPUIPlugin
2022-11-19 02:00:28,848 [INFO] IPUIPlugin:79 - create IPUIPlugin
2022-11-19 02:00:28,848 [INFO] IPUIPlugin:79 - create IPUIPlugin
2022-11-19 02:00:28,922 [INFO] ApiDbMcu:505 - Load IP Config File for PDM2PCM
2022-11-19 02:00:28,922 [WARN] IP:2111 - I2C_Coeff_DF not found: check if there is a RefParameter without a condition.
2022-11-19 02:00:28,922 [WARN] IP:2111 - Analog_Filter not found: check if there is a RefParameter without a condition.
2022-11-19 02:00:29,015 [INFO] OpenFileManager:327 - Restore cursor
2022-11-19 02:00:29,154 [WARN] IP:2111 - I2C_Coeff_DF not found: check if there is a RefParameter without a condition.
2022-11-19 02:00:29,154 [WARN] IP:2111 - Analog_Filter not found: check if there is a RefParameter without a condition.
2022-11-19 02:00:29,154 [WARN] IP:2111 - I2C_Coeff_DF not found: check if there is a RefParameter without a condition.
2022-11-19 02:00:29,154 [WARN] IP:2111 - Analog_Filter not found: check if there is a RefParameter without a condition.
2022-11-19 02:00:48,568 [INFO] MainUpdater:2768 - connection check result : 10
2022-11-19 02:00:48,568 [INFO] MainUpdater:2768 - connection check result : 10
2022-11-19 02:00:48,657 [WARN] IP:2111 - I2C_Coeff_DF not found: check if there is a RefParameter without a condition.
2022-11-19 02:00:48,657 [WARN] IP:2111 - Analog_Filter not found: check if there is a RefParameter without a condition.
2022-11-19 02:00:48,657 [WARN] IP:2111 - I2C_Coeff_DF not found: check if there is a RefParameter without a condition.
2022-11-19 02:00:48,657 [WARN] IP:2111 - Analog_Filter not found: check if there is a RefParameter without a condition.
2022-11-19 02:00:48,699 [INFO] MicroXplorer:451 - Change Database Path : 
2022-11-19 02:00:48,699 [INFO] MicroXplorer:481 - Change Database Version : DB.6.0.60
2022-11-19 02:00:48,724 [WARN] ThirdParty:827 - waiting for thirdparty lock release [close project]
2022-11-19 02:00:48,724 [INFO] ThirdParty:829 - entering critical section [close project]
2022-11-19 02:00:48,724 [INFO] ThirdParty:839 - exiting critical section [close project]
2022-11-19 02:00:48,724 [INFO] PinOutPanel:1468 - setPackage(No Configuration,No Configuration)
2022-11-19 02:00:48,732 [WARN] IpParametersView:148 - Warning: This peripheral hasn't parameters
2022-11-19 02:00:48,744 [WARN] MainPanel:253 - <html><b><center>Warning: This peripheral has no parameters to be configured<br></b></html>
2022-11-19 02:00:48,744 [INFO] UtilMem:74 - Begin LoadConfig() Used Memory: 631964320 Bytes (800063488)
2022-11-19 02:00:48,744 [INFO] MicroXplorer:451 - Change Database Path : 
2022-11-19 02:00:48,744 [INFO] MicroXplorer:481 - Change Database Version : DB.6.0.60
2022-11-19 02:00:48,744 [INFO] OpenFileManager:307 - Change cursor
2022-11-19 02:00:48,753 [INFO] Mcu:1922 - Initializing MCU STM32G031F(4-6-8)Px STM32G031F8Px STM32G031F8P6
2022-11-19 02:00:49,985 [INFO] Context:654 - Trying to add GPIOservice into a context  which must be forbidden
2022-11-19 02:00:50,184 [WARN] ApiManager:308 - Cannot register API 'Board Extension:GNSS1A1' from pack STMicroelectronics.X-CUBE-GNSS1.6.0.0: no header file found
2022-11-19 02:00:50,184 [WARN] ApiManager:308 - Cannot register API 'Board Support:Custom' from pack STMicroelectronics.X-CUBE-GNSS1.6.0.0: no header file found
2022-11-19 02:00:50,184 [WARN] ApiManager:308 - Cannot register API 'Data Exchange:lib_gnss' from pack STMicroelectronics.X-CUBE-GNSS1.6.0.0: no header file found
2022-11-19 02:00:50,191 [WARN] ApiManager:308 - Cannot register API 'Wireless:BlueNRG-MS' from pack STMicroelectronics.X-CUBE-BLE1.6.2.3: no header file found
2022-11-19 02:00:50,191 [INFO] RtosManager:488 - Registered RTOS mode: class=CMSIS, group=RTOS, mode=CMSIS_V1, owner=FREERTOS
2022-11-19 02:00:50,191 [INFO] RtosManager:488 - Registered RTOS mode: class=CMSIS, group=RTOS2, mode=CMSIS_V2, owner=FREERTOS
2022-11-19 02:00:50,191 [INFO] RtosManager:488 - Registered RTOS mode: class=RTOS, group=Core, mode=CMSIS_V1, owner=FREERTOS
2022-11-19 02:00:50,191 [INFO] RtosManager:488 - Registered RTOS mode: class=RTOS, group=Core, mode=CMSIS_V2, owner=FREERTOS
2022-11-19 02:00:50,191 [WARN] ModelIntegratedComponent:185 - Missing modes for component STMicroelectronics:FreeRTOS:0.0.1:STMicroelectronics:RTOS:FreeRTOS:Core:::10.2.0:
2022-11-19 02:00:50,199 [WARN] ApiManager:308 - Cannot register API 'Board Extension:S2868A1' from pack STMicroelectronics.X-CUBE-SUBG2.5.0.0: no header file found
2022-11-19 02:00:50,199 [WARN] ApiManager:308 - Cannot register API 'Board Extension:S2868A2' from pack STMicroelectronics.X-CUBE-SUBG2.5.0.0: no header file found
2022-11-19 02:00:50,199 [WARN] ApiManager:308 - Cannot register API 'Board Extension:S2915A1' from pack STMicroelectronics.X-CUBE-SUBG2.5.0.0: no header file found
2022-11-19 02:00:50,201 [WARN] ApiManager:308 - Cannot register API 'Board Extension:NFC04A1' from pack STMicroelectronics.X-CUBE-NFC4.2.0.5: no header file found
2022-11-19 02:00:50,202 [WARN] ApiManager:308 - Cannot register API 'Board Extension:NFC04A1' from pack STMicroelectronics.X-CUBE-NFC4.2.0.4: no header file found
2022-11-19 02:00:50,206 [WARN] ModelIntegratedComponent:64 - No mode defined for component null
2022-11-19 02:00:50,206 [WARN] ModelIntegratedComponent:64 - No mode defined for component null
2022-11-19 02:00:50,206 [WARN] ModelIntegratedComponent:64 - No mode defined for component null
2022-11-19 02:00:50,206 [WARN] ModelIntegratedComponent:64 - No mode defined for component null
2022-11-19 02:00:50,206 [WARN] ModelIntegratedComponent:64 - No mode defined for component null
2022-11-19 02:00:50,206 [WARN] ModelIntegratedComponent:64 - No mode defined for component null
2022-11-19 02:00:50,206 [WARN] ModelIntegratedComponent:64 - No mode defined for component null
2022-11-19 02:00:50,206 [WARN] ModelIntegratedComponent:64 - No mode defined for component null
2022-11-19 02:00:50,206 [WARN] ModelIntegratedComponent:64 - No mode defined for component null
2022-11-19 02:00:50,206 [WARN] ModelIntegratedComponent:64 - No mode defined for component null
2022-11-19 02:00:50,206 [WARN] ModelIntegratedComponent:64 - No mode defined for component null
2022-11-19 02:00:50,206 [WARN] ModelIntegratedComponent:64 - No mode defined for component null
2022-11-19 02:00:50,206 [WARN] ModelIntegratedComponent:64 - No mode defined for component null
2022-11-19 02:00:50,206 [WARN] ModelIntegratedComponent:64 - No mode defined for component null
2022-11-19 02:00:50,206 [WARN] ModelIntegratedComponent:64 - No mode defined for component null
2022-11-19 02:00:50,206 [WARN] ModelIntegratedComponent:64 - No mode defined for component null
2022-11-19 02:00:50,206 [WARN] ModelIntegratedComponent:64 - No mode defined for component null
2022-11-19 02:00:50,206 [WARN] ModelIntegratedComponent:64 - No mode defined for component null
2022-11-19 02:00:50,206 [WARN] ModelIntegratedComponent:64 - No mode defined for component null
2022-11-19 02:00:50,212 [WARN] ModelIntegratedComponent:64 - No mode defined for component null
2022-11-19 02:00:50,212 [WARN] ModelIntegratedComponent:64 - No mode defined for component null
2022-11-19 02:00:50,212 [WARN] ModelIntegratedComponent:64 - No mode defined for component null
2022-11-19 02:00:50,212 [WARN] ModelIntegratedComponent:64 - No mode defined for component null
2022-11-19 02:00:50,212 [WARN] ModelIntegratedComponent:64 - No mode defined for component null
2022-11-19 02:00:50,212 [WARN] ModelIntegratedComponent:64 - No mode defined for component null
2022-11-19 02:00:50,212 [WARN] ModelIntegratedComponent:64 - No mode defined for component null
2022-11-19 02:00:50,212 [WARN] ModelIntegratedComponent:64 - No mode defined for component null
2022-11-19 02:00:50,212 [WARN] ModelIntegratedComponent:64 - No mode defined for component null
2022-11-19 02:00:50,212 [WARN] ModelIntegratedComponent:64 - No mode defined for component null
2022-11-19 02:00:50,212 [WARN] ModelIntegratedComponent:64 - No mode defined for component null
2022-11-19 02:00:50,212 [WARN] ModelIntegratedComponent:64 - No mode defined for component null
2022-11-19 02:00:50,212 [WARN] ModelIntegratedComponent:64 - No mode defined for component null
2022-11-19 02:00:50,212 [WARN] ModelIntegratedComponent:64 - No mode defined for component null
2022-11-19 02:00:50,212 [WARN] ApiManager:308 - Cannot register API 'Board Extension:NFC07A1' from pack STMicroelectronics.X-CUBE-NFC7.1.0.0: no header file found
2022-11-19 02:00:50,280 [WARN] ApiManager:308 - Cannot register API 'Board Extension:IKS01A3' from pack STMicroelectronics.X-CUBE-MEMS1.9.3.0: no header file found
2022-11-19 02:00:50,280 [WARN] ApiManager:308 - Cannot register API 'Board Extension:IKS01A2' from pack STMicroelectronics.X-CUBE-MEMS1.9.3.0: no header file found
2022-11-19 02:00:50,280 [WARN] ApiManager:308 - Cannot register API 'Board Extension:IKS02A1' from pack STMicroelectronics.X-CUBE-MEMS1.9.3.0: no header file found
2022-11-19 02:00:50,288 [WARN] ApiManager:308 - Cannot register API 'Board Extension:EEPRMA1' from pack STMicroelectronics.X-CUBE-EEPRMA1.3.1.1: no header file found
2022-11-19 02:00:50,288 [WARN] ApiManager:308 - Cannot register API 'Board Extension:EEPRMA2' from pack STMicroelectronics.X-CUBE-EEPRMA1.3.1.1: no header file found
2022-11-19 02:00:50,288 [WARN] ApiManager:308 - Cannot register API 'Board Extension:S2868A1' from pack STMicroelectronics.X-CUBE-SFXS2LP1.4.0.0: no header file found
2022-11-19 02:00:50,288 [WARN] ApiManager:308 - Cannot register API 'Board Extension:S2868A2' from pack STMicroelectronics.X-CUBE-SFXS2LP1.4.0.0: no header file found
2022-11-19 02:00:50,288 [WARN] ApiManager:308 - Cannot register API 'Board Extension:S2915A1' from pack STMicroelectronics.X-CUBE-SFXS2LP1.4.0.0: no header file found
2022-11-19 02:00:50,288 [WARN] ApiManager:308 - Cannot register API 'Wireless:BlueNRG-2' from pack STMicroelectronics.X-CUBE-BLE2.3.3.0: no header file found
2022-11-19 02:00:50,295 [INFO] ThirdPartyModel:289 - Start build external matchings
2022-11-19 02:00:50,470 [INFO] ThirdPartyModel:302 - End build external matchings
2022-11-19 02:00:50,484 [INFO] ImportTextPane:193 - (OptionalMessage_ERROR) IP (DMA) : Parameter (Instance) has Id (ADC1) currently not set
2022-11-19 02:00:50,484 [INFO] ImportTextPane:193 - (OptionalMessage_ERROR) IP (DMA) : Parameter (Request) has Id (ADC1) currently not set
2022-11-19 02:00:50,484 [INFO] ImportTextPane:193 - (OptionalMessage_ERROR) IP (DMA) : Parameter (Direction) has Id (ADC1) currently not set
2022-11-19 02:00:50,484 [INFO] ImportTextPane:193 - (OptionalMessage_ERROR) IP (DMA) : Parameter (PeriphInc) has Id (ADC1) currently not set
2022-11-19 02:00:50,484 [INFO] ImportTextPane:193 - (OptionalMessage_ERROR) IP (DMA) : Parameter (MemInc) has Id (ADC1) currently not set
2022-11-19 02:00:50,484 [INFO] ImportTextPane:193 - (OptionalMessage_ERROR) IP (DMA) : Parameter (PeriphDataAlignment) has Id (ADC1) currently not set
2022-11-19 02:00:50,484 [INFO] ImportTextPane:193 - (OptionalMessage_ERROR) IP (DMA) : Parameter (MemDataAlignment) has Id (ADC1) currently not set
2022-11-19 02:00:50,484 [INFO] ImportTextPane:193 - (OptionalMessage_ERROR) IP (DMA) : Parameter (Mode) has Id (ADC1) currently not set
2022-11-19 02:00:50,484 [INFO] ImportTextPane:193 - (OptionalMessage_ERROR) IP (DMA) : Parameter (Priority) has Id (ADC1) currently not set
2022-11-19 02:00:50,484 [INFO] ImportTextPane:193 - (OptionalMessage_ERROR) IP (DMA) : Parameter (SignalID) has Id (ADC1) currently not set
2022-11-19 02:00:50,484 [INFO] ImportTextPane:193 - (OptionalMessage_ERROR) IP (DMA) : Parameter (Polarity) has Id (ADC1) currently not set
2022-11-19 02:00:50,484 [INFO] ImportTextPane:193 - (OptionalMessage_ERROR) IP (DMA) : Parameter (RequestNumber) has Id (ADC1) currently not set
2022-11-19 02:00:50,484 [INFO] ImportTextPane:193 - (OptionalMessage_ERROR) IP (DMA) : Parameter (SyncSignalID) has Id (ADC1) currently not set
2022-11-19 02:00:50,484 [INFO] ImportTextPane:193 - (OptionalMessage_ERROR) IP (DMA) : Parameter (SyncPolarity) has Id (ADC1) currently not set
2022-11-19 02:00:50,484 [INFO] ImportTextPane:193 - (OptionalMessage_ERROR) IP (DMA) : Parameter (SyncEnable) has Id (ADC1) currently not set
2022-11-19 02:00:50,484 [INFO] ImportTextPane:193 - (OptionalMessage_ERROR) IP (DMA) : Parameter (EventEnable) has Id (ADC1) currently not set
2022-11-19 02:00:50,484 [INFO] ImportTextPane:193 - (OptionalMessage_ERROR) IP (DMA) : Parameter (SyncRequestNumber) has Id (ADC1) currently not set
2022-11-19 02:00:50,816 [INFO] UtilMem:74 - End LoadConfig() Used Memory: 639137768 Bytes (800063488)
2022-11-19 02:00:50,867 [WARN] ThirdParty:789 - waiting for thirdparty lock release [change project]
2022-11-19 02:00:50,867 [INFO] ThirdParty:791 - entering critical section [change project]
2022-11-19 02:00:50,867 [INFO] ThirdParty:981 - CMSIS Pack Vendor :STMicroelectronics X-CUBE-ISPU 1.1.0
2022-11-19 02:00:50,867 [INFO] ThirdParty:981 - CMSIS Pack Vendor :RoweBots I-CUBE-UNISONRTOS 5.5.0-4
2022-11-19 02:00:50,867 [INFO] ThirdParty:981 - CMSIS Pack Vendor :STMicroelectronics X-CUBE-GNSS1 6.0.0
2022-11-19 02:00:50,867 [INFO] ThirdParty:981 - CMSIS Pack Vendor :STMicroelectronics X-CUBE-AZRTOS-H7 2.1.0
2022-11-19 02:00:50,867 [INFO] ThirdParty:981 - CMSIS Pack Vendor :STMicroelectronics USB_HOST 2.0.0
2022-11-19 02:00:50,867 [INFO] ThirdParty:981 - CMSIS Pack Vendor :STMicroelectronics X-CUBE-AZRTOS-F4 1.1.0
2022-11-19 02:00:50,867 [INFO] ThirdParty:981 - CMSIS Pack Vendor :STMicroelectronics LIBJPEG 8.0.0
2022-11-19 02:00:50,867 [INFO] ThirdParty:981 - CMSIS Pack Vendor :wolfSSL I-CUBE-wolfSSL 5.4.0
2022-11-19 02:00:50,867 [INFO] ThirdParty:981 - CMSIS Pack Vendor :STMicroelectronics USB_DEVICE 3.0.0
2022-11-19 02:00:50,867 [INFO] ThirdParty:981 - CMSIS Pack Vendor :STMicroelectronics X-CUBE-BLEMGR 1.0.0
2022-11-19 02:00:50,867 [INFO] ThirdParty:981 - CMSIS Pack Vendor :STMicroelectronics X-CUBE-BLEMGR 1.2.0
2022-11-19 02:00:50,867 [INFO] ThirdParty:981 - CMSIS Pack Vendor :STMicroelectronics X-CUBE-AZRTOS-F7 1.1.0
2022-11-19 02:00:50,867 [INFO] ThirdParty:981 - CMSIS Pack Vendor :STMicroelectronics USB_DEVICE 2.0.0
2022-11-19 02:00:50,867 [INFO] ThirdParty:981 - CMSIS Pack Vendor :STMicroelectronics X-CUBE-AI 7.3.0
2022-11-19 02:00:50,867 [INFO] ThirdParty:981 - CMSIS Pack Vendor :STMicroelectronics X-CUBE-BLE1 6.2.3
2022-11-19 02:00:50,867 [INFO] ThirdParty:981 - CMSIS Pack Vendor :STMicroelectronics X-CUBE-ALGOBUILD 1.3.0
2022-11-19 02:00:50,867 [INFO] ThirdParty:981 - CMSIS Pack Vendor :STMicroelectronics FreeRTOS 0.0.1
2022-11-19 02:00:50,867 [INFO] ThirdParty:981 - CMSIS Pack Vendor :STMicroelectronics X-CUBE-AZRTOS-G0 1.1.0
2022-11-19 02:00:50,867 [INFO] ThirdParty:981 - CMSIS Pack Vendor :STMicroelectronics X-CUBE-SUBG2 5.0.0
2022-11-19 02:00:50,867 [INFO] ThirdParty:981 - CMSIS Pack Vendor :SEGGER I-CUBE-embOS 1.2.0
2022-11-19 02:00:50,867 [INFO] ThirdParty:981 - CMSIS Pack Vendor :STMicroelectronics STM32_WPAN 1.0.0
2022-11-19 02:00:50,867 [INFO] ThirdParty:981 - CMSIS Pack Vendor :STMicroelectronics lwIP 2.0.3
2022-11-19 02:00:50,867 [INFO] ThirdParty:981 - CMSIS Pack Vendor :STMicroelectronics X-CUBE-NFC4 2.0.5
2022-11-19 02:00:50,867 [INFO] ThirdParty:981 - CMSIS Pack Vendor :STMicroelectronics X-CUBE-NFC4 2.0.4
2022-11-19 02:00:50,867 [INFO] ThirdParty:981 - CMSIS Pack Vendor :STMicroelectronics USB_HOST 1.0.0
2022-11-19 02:00:50,867 [INFO] ThirdParty:981 - CMSIS Pack Vendor :STMicroelectronics PDM2PCM 3.1.0
2022-11-19 02:00:50,867 [INFO] ThirdParty:981 - CMSIS Pack Vendor :STMicroelectronics FP-ATR-ASTRA1 1.1.1
2022-11-19 02:00:50,867 [INFO] ThirdParty:981 - CMSIS Pack Vendor :STMicroelectronics PDM2PCM 3.3.0
2022-11-19 02:00:50,867 [INFO] ThirdParty:981 - CMSIS Pack Vendor :STMicroelectronics X-CUBE-TOF1 3.1.0
2022-11-19 02:00:50,867 [INFO] ThirdParty:981 - CMSIS Pack Vendor :STMicroelectronics FP-ATR-ASTRA1 1.1.0
2022-11-19 02:00:50,867 [INFO] ThirdParty:981 - CMSIS Pack Vendor :STMicroelectronics X-CUBE-AZRTOS-G4 1.0.0
2022-11-19 02:00:50,867 [INFO] ThirdParty:981 - CMSIS Pack Vendor :STMicroelectronics FP-ATR-SIGFOX1 3.2.0
2022-11-19 02:00:50,867 [INFO] ThirdParty:981 - CMSIS Pack Vendor :STMicroelectronics X-CUBE-AZRTOS-L4 1.0.0
2022-11-19 02:00:50,867 [INFO] ThirdParty:981 - CMSIS Pack Vendor :STMicroelectronics HAL Drivers 0.0.0
2022-11-19 02:00:50,867 [INFO] ThirdParty:981 - CMSIS Pack Vendor :STMicroelectronics MBEDTLS 2.16.2
2022-11-19 02:00:50,867 [INFO] ThirdParty:981 - CMSIS Pack Vendor :emotas I-CUBE-CANOPEN 1.1.2
2022-11-19 02:00:50,867 [INFO] ThirdParty:981 - CMSIS Pack Vendor :STMicroelectronics X-CUBE-TOUCHGFX 4.20.0
2022-11-19 02:00:50,867 [INFO] ThirdParty:981 - CMSIS Pack Vendor :STMicroelectronics MBEDTLS 2.14.1
2022-11-19 02:00:50,867 [INFO] ThirdParty:981 - CMSIS Pack Vendor :STMicroelectronics X-CUBE-NFC7 1.0.0
2022-11-19 02:00:50,867 [INFO] ThirdParty:981 - CMSIS Pack Vendor :STMicroelectronics X-CUBE-AZRTOS-WL 1.0.0
2022-11-19 02:00:50,867 [INFO] ThirdParty:981 - CMSIS Pack Vendor :STMicroelectronics X-CUBE-MEMS1 9.3.0
2022-11-19 02:00:50,867 [INFO] ThirdParty:981 - CMSIS Pack Vendor :portGmbH I-Cube-SoM-uGOAL 1.1.0
2022-11-19 02:00:50,867 [INFO] ThirdParty:981 - CMSIS Pack Vendor :STMicroelectronics X-CUBE-ALS 1.0.1
2022-11-19 02:00:50,867 [INFO] ThirdParty:981 - CMSIS Pack Vendor :STMicroelectronics X-CUBE-AI 7.2.0
2022-11-19 02:00:50,867 [INFO] ThirdParty:981 - CMSIS Pack Vendor :STMicroelectronics ThreadX 1.0.0
2022-11-19 02:00:50,867 [INFO] ThirdParty:981 - CMSIS Pack Vendor :STMicroelectronics X-CUBE-AZRTOS-L5 1.0.0
2022-11-19 02:00:50,867 [INFO] ThirdParty:981 - CMSIS Pack Vendor :STMicroelectronics USB_DEVICE 1.0.0
2022-11-19 02:00:50,867 [INFO] ThirdParty:981 - CMSIS Pack Vendor :STMicroelectronics X-CUBE-EEPRMA1 3.1.1
2022-11-19 02:00:50,867 [INFO] ThirdParty:981 - CMSIS Pack Vendor :STMicroelectronics ThreadX 0.0.2
2022-11-19 02:00:50,867 [INFO] ThirdParty:981 - CMSIS Pack Vendor :STMicroelectronics lwIP 2.1.2
2022-11-19 02:00:50,867 [INFO] ThirdParty:981 - CMSIS Pack Vendor :STMicroelectronics X-CUBE-SFXS2LP1 4.0.0
2022-11-19 02:00:50,867 [INFO] ThirdParty:981 - CMSIS Pack Vendor :STMicroelectronics X-CUBE-BLE2 3.3.0
2022-11-19 02:00:50,867 [INFO] ThirdParty:981 - CMSIS Pack Vendor :STMicroelectronics X-CUBE-DISPLAY 2.2.0
2022-11-19 02:00:50,867 [INFO] ThirdParty:981 - CMSIS Pack Vendor :STMicroelectronics X-CUBE-TOF1 3.2.0
2022-11-19 02:00:50,867 [INFO] ThirdParty:981 - CMSIS Pack Vendor :STMicroelectronics PDM2PCM 3.2.0
2022-11-19 02:00:50,867 [INFO] ThirdParty:981 - CMSIS Pack Vendor :STMicroelectronics X-CUBE-ISPU 1.0.0
2022-11-19 02:00:50,867 [INFO] ThirdParty:797 - exiting critical section [change project]
2022-11-19 02:00:50,981 [INFO] PinOutPanel:1468 - setPackage(No Configuration,No Configuration)
2022-11-19 02:00:50,981 [INFO] PinOutPanel:1468 - setPackage(STM32G031F8Px,TSSOP20)
2022-11-19 02:00:51,174 [INFO] UtilMem:74 - Before build in PCC Used Memory: 556383208 Bytes (800063488)
2022-11-19 02:00:51,441 [INFO] UtilMem:74 - After build in PCC Used Memory: 628734952 Bytes (800063488)
2022-11-19 02:00:51,462 [INFO] IPUIPlugin:79 - create IPUIPlugin
2022-11-19 02:00:51,462 [INFO] IPUIPlugin:79 - create IPUIPlugin
2022-11-19 02:00:51,462 [INFO] IPUIPlugin:79 - create IPUIPlugin
2022-11-19 02:00:51,462 [INFO] IPUIPlugin:79 - create IPUIPlugin
2022-11-19 02:00:51,462 [INFO] IPUIPlugin:79 - create IPUIPlugin
2022-11-19 02:00:51,462 [INFO] IPUIPlugin:79 - create IPUIPlugin
2022-11-19 02:00:51,462 [INFO] IPUIPlugin:79 - create IPUIPlugin
2022-11-19 02:00:51,462 [INFO] IPUIPlugin:79 - create IPUIPlugin
2022-11-19 02:00:51,462 [INFO] IPUIPlugin:79 - create IPUIPlugin
2022-11-19 02:00:51,462 [INFO] IPUIPlugin:79 - create IPUIPlugin
2022-11-19 02:00:51,462 [INFO] IPUIPlugin:79 - create IPUIPlugin
2022-11-19 02:00:51,462 [INFO] IPUIPlugin:79 - create IPUIPlugin
2022-11-19 02:00:51,462 [INFO] IPUIPlugin:79 - create IPUIPlugin
2022-11-19 02:00:51,462 [INFO] IPUIPlugin:79 - create IPUIPlugin
2022-11-19 02:00:51,462 [INFO] IPUIPlugin:79 - create IPUIPlugin
2022-11-19 02:00:51,462 [INFO] IPUIPlugin:79 - create IPUIPlugin
2022-11-19 02:00:51,462 [INFO] IPUIPlugin:79 - create IPUIPlugin
2022-11-19 02:00:51,462 [INFO] IPUIPlugin:79 - create IPUIPlugin
2022-11-19 02:00:51,462 [INFO] IPUIPlugin:79 - create IPUIPlugin
2022-11-19 02:00:51,462 [INFO] IPUIPlugin:79 - create IPUIPlugin
2022-11-19 02:00:51,462 [INFO] IPUIPlugin:79 - create IPUIPlugin
2022-11-19 02:00:51,462 [INFO] IPUIPlugin:79 - create IPUIPlugin
2022-11-19 02:00:51,462 [INFO] IPUIPlugin:79 - create IPUIPlugin
2022-11-19 02:00:51,462 [INFO] IPUIPlugin:79 - create IPUIPlugin
2022-11-19 02:00:51,462 [INFO] IPUIPlugin:79 - create IPUIPlugin
2022-11-19 02:00:51,462 [INFO] IPUIPlugin:79 - create IPUIPlugin
2022-11-19 02:00:51,462 [INFO] IPUIPlugin:79 - create IPUIPlugin
2022-11-19 02:00:51,462 [INFO] IPUIPlugin:79 - create IPUIPlugin
2022-11-19 02:00:51,462 [INFO] IPUIPlugin:79 - create IPUIPlugin
2022-11-19 02:00:51,581 [INFO] OpenFileManager:327 - Restore cursor
2022-11-19 02:01:03,551 [INFO] UtilMem:74 - End SaveConfig() Used Memory: 702433816 Bytes (800063488)
2022-11-19 02:01:04,854 [INFO] UtilMem:74 - End SaveConfig() Used Memory: 565896504 Bytes (800063488)
2022-11-19 02:01:07,671 [INFO] UtilMem:74 - End SaveConfig() Used Memory: 638959424 Bytes (800063488)
2022-11-19 02:01:08,558 [INFO] BlockDiagram:2753 - set Specific Code input for plugin: NVIC
2022-11-19 02:01:08,559 [INFO] BlockDiagram:2753 - set Specific Code input for plugin: USART
2022-11-19 02:01:08,559 [INFO] BlockDiagram:2753 - set Specific Code input for plugin: DMA
2022-11-19 02:01:08,559 [INFO] BlockDiagram:2753 - set Specific Code input for plugin: TIM1_8G0
2022-11-19 02:01:08,559 [INFO] BlockDiagram:2753 - set Specific Code input for plugin: TIM1_8G0
2022-11-19 02:01:08,559 [INFO] BlockDiagram:2753 - set Specific Code input for plugin: TIM1_8G0
2022-11-19 02:01:08,559 [INFO] BlockDiagram:2753 - set Specific Code input for plugin: SYS
2022-11-19 02:01:08,559 [INFO] BlockDiagram:2753 - set Specific Code input for plugin: GPIO
2022-11-19 02:01:08,559 [INFO] BlockDiagram:2753 - set Specific Code input for plugin: ADC
2022-11-19 02:01:08,559 [INFO] BlockDiagram:2753 - set Specific Code input for plugin: RCC
2022-11-19 02:01:08,559 [INFO] BlockDiagram:2753 - set Specific Code input for plugin: I2C
2022-11-19 02:01:08,559 [INFO] CodeGenerator:690 - code generatio: config db path: C:\ST\STM32CubeIDE_1.10.1\STM32CubeIDE\plugins\com.st.stm32cube.common.mx_6.6.1.202207061420\\db\
2022-11-19 02:01:09,003 [INFO] CodeEngine:245 - oldGeneratedFile, C:\Users\gutst\Documents\ebrake\brake\MXTmpFiles\license.tmp_save
2022-11-19 02:01:09,483 [INFO] CodeEngine:269 - Generated code: C:\Users\gutst\Documents\ebrake\brake\MXTmpFiles\license.tmp
2022-11-19 02:01:09,628 [INFO] CodeEngine:245 - oldGeneratedFile, C:\Users\gutst\Documents\ebrake\brake\MXTmpFiles\gpio.tmp_save
2022-11-19 02:01:09,862 [INFO] CodeEngine:269 - Generated code: C:\Users\gutst\Documents\ebrake\brake\MXTmpFiles\gpio.tmp
2022-11-19 02:01:10,766 [INFO] CodeEngine:245 - oldGeneratedFile, C:\Users\gutst\Documents\ebrake\brake\MXTmpFiles\dma.tmp_save
2022-11-19 02:01:10,924 [INFO] CodeEngine:269 - Generated code: C:\Users\gutst\Documents\ebrake\brake\MXTmpFiles\dma.tmp
2022-11-19 02:01:10,940 [INFO] CodeEngine:245 - oldGeneratedFile, C:\Users\gutst\Documents\ebrake\brake\MXTmpFiles\dma_GV.tmp_save
2022-11-19 02:01:11,070 [INFO] CodeEngine:269 - Generated code: C:\Users\gutst\Documents\ebrake\brake\MXTmpFiles\dma_GV.tmp
2022-11-19 02:01:11,119 [INFO] CodeEngine:245 - oldGeneratedFile, C:\Users\gutst\Documents\ebrake\brake\Core\Src\stm32g0xx_it.c_save
2022-11-19 02:01:11,357 [INFO] CodeEngine:269 - Generated code: C:\Users\gutst\Documents\ebrake\brake\Core\Src\stm32g0xx_it.c
2022-11-19 02:01:11,373 [INFO] CodeEngine:245 - oldGeneratedFile, C:\Users\gutst\Documents\ebrake\brake\Core\Inc\stm32g0xx_it.h_save
2022-11-19 02:01:11,481 [INFO] CodeEngine:269 - Generated code: C:\Users\gutst\Documents\ebrake\brake\Core\Inc\stm32g0xx_it.h
2022-11-19 02:01:11,520 [INFO] CodeEngine:245 - oldGeneratedFile, C:\Users\gutst\Documents\ebrake\brake\Core\Src\stm32g0xx_hal_msp.c_save
2022-11-19 02:01:11,747 [INFO] CodeEngine:269 - Generated code: C:\Users\gutst\Documents\ebrake\brake\Core\Src\stm32g0xx_hal_msp.c
2022-11-19 02:01:11,777 [INFO] CodeEngine:245 - oldGeneratedFile, C:\Users\gutst\Documents\ebrake\brake\MXTmpFiles\system.tmp_save
2022-11-19 02:01:11,859 [INFO] CodeEngine:269 - Generated code: C:\Users\gutst\Documents\ebrake\brake\MXTmpFiles\system.tmp
2022-11-19 02:01:11,899 [INFO] CodeEngine:245 - oldGeneratedFile, C:\Users\gutst\Documents\ebrake\brake\Core\Inc\stm32g0xx_hal_conf.h_save
2022-11-19 02:01:12,002 [INFO] CodeEngine:269 - Generated code: C:\Users\gutst\Documents\ebrake\brake\Core\Inc\stm32g0xx_hal_conf.h
2022-11-19 02:01:12,040 [WARN] IPConfigManager:3348 - IP not found : TIM
2022-11-19 02:01:12,048 [WARN] CodeGenerator:3567 - IP not found : null
2022-11-19 02:01:12,076 [INFO] CodeEngine:245 - oldGeneratedFile, C:\Users\gutst\Documents\ebrake\brake\Core\Inc\main.h_save
2022-11-19 02:01:12,198 [INFO] CodeEngine:269 - Generated code: C:\Users\gutst\Documents\ebrake\brake\Core\Inc\main.h
2022-11-19 02:01:12,231 [INFO] CodeEngine:245 - oldGeneratedFile, C:\Users\gutst\Documents\ebrake\brake\Core\Src\main.c_save
2022-11-19 02:01:12,520 [INFO] CodeEngine:269 - Generated code: C:\Users\gutst\Documents\ebrake\brake\Core\Src\main.c
2022-11-19 02:01:13,513 [INFO] ProjectBuilder:2919 - Time for Copy HAL[1] : 464mS.
2022-11-19 02:01:13,521 [INFO] ProjectBuilder:4117 - Project Generator version: 3.17.1
2022-11-19 02:01:13,797 [INFO] ConfigFileManager:1394 - The Die is : DIE466
2022-11-19 02:01:13,822 [INFO] ApiDbMcu:505 - Load IP Config File for FATFS
2022-11-19 02:01:13,838 [INFO] ApiDbMcu:505 - Load IP Config File for FREERTOS
2022-11-19 02:01:16,470 [INFO] ProjectBuilder:4285 - Time for Generating toolchain IDE Files: 2949mS.
2022-11-19 02:01:16,470 [INFO] ProjectBuilder:2790 - Time for Copy CMSIS : 0mS.
2022-11-19 02:01:16,470 [INFO] ProjectBuilder:2790 - Time for Copy CMSIS : 0mS.
2022-11-19 12:09:07,627 [INFO] Activator:177 - 


2022-11-19 12:09:07,637 [INFO] Activator:178 - !SESSION log4j initialized
